#
# There is insufficient memory for the Java Runtime Environment to continue.
# Native memory allocation (malloc) failed to allocate 1800672 bytes. Error detail: Chunk::new
# Possible reasons:
#   The system is out of physical RAM or swap space
#   This process is running with CompressedOops enabled, and the Java Heap may be blocking the growth of the native heap
# Possible solutions:
#   Reduce memory load on the system
#   Increase physical memory or swap space
#   Check if swap backing store is full
#   Decrease Java heap size (-Xmx/-Xms)
#   Decrease number of Java threads
#   Decrease Java thread stack sizes (-Xss)
#   Set larger code cache with -XX:ReservedCodeCacheSize=
#   JVM is running with Unscaled Compressed Oops mode in which the Java heap is
#     placed in the first 4GB address space. The Java Heap base address is the
#     maximum limit for the native heap growth. Please use -XX:HeapBaseMinAddress
#     to set the Java Heap base and to place the Java Heap above 4GB virtual address.
# This output file may be truncated or incomplete.
#
#  Out of Memory Error (arena.cpp:168), pid=54684, tid=81948
#
# JRE version: OpenJDK Runtime Environment (21.0.7) (build 21.0.7+-13880790-b1038.58)
# Java VM: OpenJDK 64-Bit Server VM (21.0.7+-13880790-b1038.58, mixed mode, tiered, compressed oops, compressed class ptrs, g1 gc, windows-amd64)
# No core dump will be written. Minidumps are not enabled by default on client versions of Windows
#

---------------  S U M M A R Y ------------

Command Line: --add-opens=java.base/java.lang=ALL-UNNAMED --add-opens=java.base/java.lang.invoke=ALL-UNNAMED --add-opens=java.base/java.util=ALL-UNNAMED --add-opens=java.prefs/java.util.prefs=ALL-UNNAMED --add-exports=jdk.compiler/com.sun.tools.javac.api=ALL-UNNAMED --add-exports=jdk.compiler/com.sun.tools.javac.util=ALL-UNNAMED --add-opens=java.base/java.util=ALL-UNNAMED --add-opens=java.prefs/java.util.prefs=ALL-UNNAMED --add-opens=java.base/java.nio.charset=ALL-UNNAMED --add-opens=java.base/java.net=ALL-UNNAMED --add-opens=java.base/java.util.concurrent.atomic=ALL-UNNAMED --add-opens=java.xml/javax.xml.namespace=ALL-UNNAMED -Xmx2048m -Dfile.encoding=UTF-8 -Duser.country=US -Duser.language=en -Duser.variant -javaagent:C:\Users\NITRO\.gradle\wrapper\dists\gradle-8.13-bin\5xuhj0ry160q40clulazy9h7d\gradle-8.13\lib\agents\gradle-instrumentation-agent-8.13.jar org.gradle.launcher.daemon.bootstrap.GradleDaemon 8.13

Host: AMD Ryzen 7 8845HS w/ Radeon 780M Graphics, 16 cores, 15G,  Windows 11 , 64 bit Build 22621 (10.0.22621.5415)
Time: Thu Oct  2 11:37:44 2025 SE Asia Standard Time elapsed time: 7.737645 seconds (0d 0h 0m 7s)

---------------  T H R E A D  ---------------

Current thread (0x000001db68baea00):  JavaThread "C2 CompilerThread7" daemon [_thread_in_native, id=81948, stack(0x000000bcead00000,0x000000bceae00000) (1024K)]


Current CompileTask:
C2:7737 6730       4       org.gradle.internal.serialize.HierarchicalNameSerializer::write (10 bytes)

Stack: [0x000000bcead00000,0x000000bceae00000]
Native frames: (J=compiled Java code, j=interpreted, Vv=VM code, C=native code)
V  [jvm.dll+0x6d25c9]
V  [jvm.dll+0x860923]
V  [jvm.dll+0x862e7e]
V  [jvm.dll+0x863563]
V  [jvm.dll+0x27f156]
V  [jvm.dll+0xc002d]
V  [jvm.dll+0xc0563]
V  [jvm.dll+0x3b6d3b]
V  [jvm.dll+0x382c27]
V  [jvm.dll+0x38209a]
V  [jvm.dll+0x247e72]
V  [jvm.dll+0x247441]
V  [jvm.dll+0x1c5fb4]
V  [jvm.dll+0x256bac]
V  [jvm.dll+0x2550f6]
V  [jvm.dll+0x3f1d16]
V  [jvm.dll+0x808d08]
V  [jvm.dll+0x6d0e1d]
C  [ucrtbase.dll+0x29333]
C  [KERNEL32.DLL+0x1259d]
C  [ntdll.dll+0x5af78]


---------------  P R O C E S S  ---------------

Threads class SMR info:
_java_thread_list=0x000001db6a5c8cf0, length=62, elements={
0x000001db48a5e330, 0x000001db6309c9e0, 0x000001db630c6df0, 0x000001db630c7b10,
0x000001db630e3e20, 0x000001db630e4d30, 0x000001db630e5790, 0x000001db630f1830,
0x000001db63112b00, 0x000001db6311a5d0, 0x000001db6327d5b0, 0x000001db6327fc70,
0x000001db6336bc70, 0x000001db63967c00, 0x000001db694ad140, 0x000001db697f3880,
0x000001db6959f030, 0x000001db69627d40, 0x000001db696295c0, 0x000001db69704ab0,
0x000001db69706c00, 0x000001db696d3a30, 0x000001db696d33a0, 0x000001db696d40c0,
0x000001db696d5b00, 0x000001db696d4750, 0x000001db696d2d10, 0x000001db696d5470,
0x000001db696d6190, 0x000001db69f19ce0, 0x000001db69f1a370, 0x000001db69f19650,
0x000001db69f1aa00, 0x000001db69f14e20, 0x000001db69f154b0, 0x000001db69f13a70,
0x000001db69f18fc0, 0x000001db69f16860, 0x000001db69f1b090, 0x000001db69f16ef0,
0x000001db69f14100, 0x000001db69f18930, 0x000001db69f14790, 0x000001db69f15b40,
0x000001db69f161d0, 0x000001db69f17580, 0x000001db69f17c10, 0x000001db6bec3c10,
0x000001db6d9ec690, 0x000001db6d817940, 0x000001db6c8f46a0, 0x000001db6be87c30,
0x000001db6351c3c0, 0x000001db69ee3a90, 0x000001db69ee3400, 0x000001db69ee26e0,
0x000001db63774b90, 0x000001db63778010, 0x000001db63773e70, 0x000001db68baea00,
0x000001db637786a0, 0x000001db637793c0
}

Java Threads: ( => current thread )
  0x000001db48a5e330 JavaThread "main"                              [_thread_blocked, id=11532, stack(0x000000bce5d00000,0x000000bce5e00000) (1024K)]
  0x000001db6309c9e0 JavaThread "Common-Cleaner"             daemon [_thread_blocked, id=80508, stack(0x000000bce6500000,0x000000bce6600000) (1024K)]
  0x000001db630c6df0 JavaThread "Reference Handler"          daemon [_thread_blocked, id=124796, stack(0x000000bce6600000,0x000000bce6700000) (1024K)]
  0x000001db630c7b10 JavaThread "Finalizer"                  daemon [_thread_blocked, id=136340, stack(0x000000bce6700000,0x000000bce6800000) (1024K)]
  0x000001db630e3e20 JavaThread "Signal Dispatcher"          daemon [_thread_blocked, id=100792, stack(0x000000bce6800000,0x000000bce6900000) (1024K)]
  0x000001db630e4d30 JavaThread "Attach Listener"            daemon [_thread_blocked, id=36872, stack(0x000000bce6900000,0x000000bce6a00000) (1024K)]
  0x000001db630e5790 JavaThread "Service Thread"             daemon [_thread_blocked, id=125852, stack(0x000000bce6a00000,0x000000bce6b00000) (1024K)]
  0x000001db630f1830 JavaThread "Monitor Deflation Thread"   daemon [_thread_blocked, id=138836, stack(0x000000bce6b00000,0x000000bce6c00000) (1024K)]
  0x000001db63112b00 JavaThread "C2 CompilerThread0"         daemon [_thread_blocked, id=43268, stack(0x000000bce6c00000,0x000000bce6d00000) (1024K)]
  0x000001db6311a5d0 JavaThread "C1 CompilerThread0"         daemon [_thread_blocked, id=81344, stack(0x000000bce6d00000,0x000000bce6e00000) (1024K)]
  0x000001db6327d5b0 JavaThread "C1 CompilerThread1"         daemon [_thread_blocked, id=63816, stack(0x000000bce6e00000,0x000000bce6f00000) (1024K)]
  0x000001db6327fc70 JavaThread "C1 CompilerThread2"         daemon [_thread_blocked, id=94984, stack(0x000000bce6f00000,0x000000bce7000000) (1024K)]
  0x000001db6336bc70 JavaThread "Notification Thread"        daemon [_thread_blocked, id=125464, stack(0x000000bce7000000,0x000000bce7100000) (1024K)]
  0x000001db63967c00 JavaThread "C1 CompilerThread3"         daemon [_thread_blocked, id=119580, stack(0x000000bce7900000,0x000000bce7a00000) (1024K)]
  0x000001db694ad140 JavaThread "Daemon health stats"               [_thread_blocked, id=64048, stack(0x000000bce7c00000,0x000000bce7d00000) (1024K)]
  0x000001db697f3880 JavaThread "Incoming local TCP Connector on port 49992"        [_thread_in_native, id=99584, stack(0x000000bce7d00000,0x000000bce7e00000) (1024K)]
  0x000001db6959f030 JavaThread "Daemon periodic checks"            [_thread_blocked, id=94780, stack(0x000000bce7e00000,0x000000bce7f00000) (1024K)]
  0x000001db69627d40 JavaThread "Daemon"                            [_thread_blocked, id=35444, stack(0x000000bce7f00000,0x000000bce8000000) (1024K)]
  0x000001db696295c0 JavaThread "Handler for socket connection from /127.0.0.1:49992 to /127.0.0.1:49993"        [_thread_in_native, id=37292, stack(0x000000bce8000000,0x000000bce8100000) (1024K)]
  0x000001db69704ab0 JavaThread "Cancel handler"                    [_thread_blocked, id=139956, stack(0x000000bce8100000,0x000000bce8200000) (1024K)]
  0x000001db69706c00 JavaThread "Daemon worker"                     [_thread_blocked, id=130992, stack(0x000000bce8200000,0x000000bce8300000) (1024K)]
  0x000001db696d3a30 JavaThread "Asynchronous log dispatcher for DefaultDaemonConnection: socket connection from /127.0.0.1:49992 to /127.0.0.1:49993"        [_thread_blocked, id=131660, stack(0x000000bce8300000,0x000000bce8400000) (1024K)]
  0x000001db696d33a0 JavaThread "Stdin handler"                     [_thread_blocked, id=56996, stack(0x000000bce8c00000,0x000000bce8d00000) (1024K)]
  0x000001db696d40c0 JavaThread "Daemon client event forwarder"        [_thread_blocked, id=124016, stack(0x000000bce8d00000,0x000000bce8e00000) (1024K)]
  0x000001db696d5b00 JavaThread "Cache worker for journal cache (C:\Users\NITRO\.gradle\caches\journal-1)"        [_thread_blocked, id=51748, stack(0x000000bce8e00000,0x000000bce8f00000) (1024K)]
  0x000001db696d4750 JavaThread "File lock request listener"        [_thread_in_native, id=105484, stack(0x000000bce8f00000,0x000000bce9000000) (1024K)]
  0x000001db696d2d10 JavaThread "Cache worker for file hash cache (C:\Users\NITRO\.gradle\caches\8.13\fileHashes)"        [_thread_blocked, id=52168, stack(0x000000bce9000000,0x000000bce9100000) (1024K)]
  0x000001db696d5470 JavaThread "Cache worker for file hash cache (C:\Users\NITRO\AndroidStudioProjects\AppQLChiTieu\.gradle\8.13\fileHashes)"        [_thread_blocked, id=125344, stack(0x000000bce7400000,0x000000bce7500000) (1024K)]
  0x000001db696d6190 JavaThread "Cache worker for Build Output Cleanup Cache (C:\Users\NITRO\AndroidStudioProjects\AppQLChiTieu\.gradle\buildOutputCleanup)"        [_thread_blocked, id=23108, stack(0x000000bce9100000,0x000000bce9200000) (1024K)]
  0x000001db69f19ce0 JavaThread "File watcher server"        daemon [_thread_in_native, id=49456, stack(0x000000bce9200000,0x000000bce9300000) (1024K)]
  0x000001db69f1a370 JavaThread "File watcher consumer"      daemon [_thread_blocked, id=93428, stack(0x000000bce9300000,0x000000bce9400000) (1024K)]
  0x000001db69f19650 JavaThread "jar transforms"                    [_thread_blocked, id=101408, stack(0x000000bce7100000,0x000000bce7200000) (1024K)]
  0x000001db69f1aa00 JavaThread "jar transforms Thread 2"           [_thread_blocked, id=34936, stack(0x000000bce7200000,0x000000bce7300000) (1024K)]
  0x000001db69f14e20 JavaThread "jar transforms Thread 3"           [_thread_blocked, id=94256, stack(0x000000bce7300000,0x000000bce7400000) (1024K)]
  0x000001db69f154b0 JavaThread "jar transforms Thread 4"           [_thread_blocked, id=7148, stack(0x000000bce9400000,0x000000bce9500000) (1024K)]
  0x000001db69f13a70 JavaThread "jar transforms Thread 5"           [_thread_blocked, id=13212, stack(0x000000bce9500000,0x000000bce9600000) (1024K)]
  0x000001db69f18fc0 JavaThread "jar transforms Thread 6"           [_thread_blocked, id=100904, stack(0x000000bce9600000,0x000000bce9700000) (1024K)]
  0x000001db69f16860 JavaThread "jar transforms Thread 7"           [_thread_blocked, id=54744, stack(0x000000bce9700000,0x000000bce9800000) (1024K)]
  0x000001db69f1b090 JavaThread "jar transforms Thread 8"           [_thread_blocked, id=106900, stack(0x000000bce9800000,0x000000bce9900000) (1024K)]
  0x000001db69f16ef0 JavaThread "jar transforms Thread 9"           [_thread_blocked, id=110636, stack(0x000000bce9900000,0x000000bce9a00000) (1024K)]
  0x000001db69f14100 JavaThread "jar transforms Thread 10"          [_thread_blocked, id=73796, stack(0x000000bce9a00000,0x000000bce9b00000) (1024K)]
  0x000001db69f18930 JavaThread "jar transforms Thread 11"          [_thread_blocked, id=49208, stack(0x000000bce9b00000,0x000000bce9c00000) (1024K)]
  0x000001db69f14790 JavaThread "jar transforms Thread 12"          [_thread_blocked, id=100944, stack(0x000000bce9c00000,0x000000bce9d00000) (1024K)]
  0x000001db69f15b40 JavaThread "jar transforms Thread 13"          [_thread_blocked, id=129420, stack(0x000000bce9d00000,0x000000bce9e00000) (1024K)]
  0x000001db69f161d0 JavaThread "jar transforms Thread 14"          [_thread_blocked, id=27376, stack(0x000000bce9e00000,0x000000bce9f00000) (1024K)]
  0x000001db69f17580 JavaThread "jar transforms Thread 15"          [_thread_blocked, id=119592, stack(0x000000bce9f00000,0x000000bcea000000) (1024K)]
  0x000001db69f17c10 JavaThread "jar transforms Thread 16"          [_thread_blocked, id=128924, stack(0x000000bcea000000,0x000000bcea100000) (1024K)]
  0x000001db6bec3c10 JavaThread "C2 CompilerThread1"         daemon [_thread_in_native, id=125864, stack(0x000000bcea100000,0x000000bcea200000) (1024K)]
  0x000001db6d9ec690 JavaThread "C2 CompilerThread2"         daemon [_thread_in_native, id=115612, stack(0x000000bcea200000,0x000000bcea300000) (1024K)]
  0x000001db6d817940 JavaThread "C2 CompilerThread3"         daemon [_thread_in_native, id=81128, stack(0x000000bcea300000,0x000000bcea400000) (1024K)]
  0x000001db6c8f46a0 JavaThread "C2 CompilerThread4"         daemon [_thread_in_native, id=102408, stack(0x000000bcea400000,0x000000bcea500000) (1024K)]
  0x000001db6be87c30 JavaThread "C2 CompilerThread5"         daemon [_thread_in_native, id=12740, stack(0x000000bcea500000,0x000000bcea600000) (1024K)]
  0x000001db6351c3c0 JavaThread "C2 CompilerThread6"         daemon [_thread_blocked, id=26676, stack(0x000000bcea600000,0x000000bcea700000) (1024K)]
  0x000001db69ee3a90 JavaThread "Cache worker for checksums cache (C:\Users\NITRO\AndroidStudioProjects\AppQLChiTieu\.gradle\8.13\checksums)"        [_thread_blocked, id=135680, stack(0x000000bcea700000,0x000000bcea800000) (1024K)]
  0x000001db69ee3400 JavaThread "Cache worker for file content cache (C:\Users\NITRO\.gradle\caches\8.13\fileContent)"        [_thread_blocked, id=125132, stack(0x000000bcea800000,0x000000bcea900000) (1024K)]
  0x000001db69ee26e0 JavaThread "Cache worker for cache directory md-supplier (C:\Users\NITRO\.gradle\caches\8.13\md-supplier)"        [_thread_blocked, id=125452, stack(0x000000bcea900000,0x000000bceaa00000) (1024K)]
  0x000001db63774b90 JavaThread "Cache worker for cache directory md-rule (C:\Users\NITRO\.gradle\caches\8.13\md-rule)"        [_thread_blocked, id=125396, stack(0x000000bceaa00000,0x000000bceab00000) (1024K)]
  0x000001db63778010 JavaThread "Unconstrained build operations"        [_thread_blocked, id=136464, stack(0x000000bceab00000,0x000000bceac00000) (1024K)]
  0x000001db63773e70 JavaThread "Unconstrained build operations Thread 2"        [_thread_blocked, id=70084, stack(0x000000bceac00000,0x000000bcead00000) (1024K)]
=>0x000001db68baea00 JavaThread "C2 CompilerThread7"         daemon [_thread_in_native, id=81948, stack(0x000000bcead00000,0x000000bceae00000) (1024K)]
  0x000001db637786a0 JavaThread "Unconstrained build operations Thread 3"        [_thread_in_native, id=27476, stack(0x000000bceae00000,0x000000bceaf00000) (1024K)]
  0x000001db637793c0 JavaThread "Unconstrained build operations Thread 4"        [_thread_blocked, id=103268, stack(0x000000bceaf00000,0x000000bceb000000) (1024K)]
Total: 62

Other Threads:
  0x000001db630477c0 VMThread "VM Thread"                           [id=130612, stack(0x000000bce6400000,0x000000bce6500000) (1024K)]
  0x000001db62f1da80 WatcherThread "VM Periodic Task Thread"        [id=75488, stack(0x000000bce6300000,0x000000bce6400000) (1024K)]
  0x000001db4ae239d0 WorkerThread "GC Thread#0"                     [id=82144, stack(0x000000bce5e00000,0x000000bce5f00000) (1024K)]
  0x000001db63901e80 WorkerThread "GC Thread#1"                     [id=130456, stack(0x000000bce7500000,0x000000bce7600000) (1024K)]
  0x000001db63a956a0 WorkerThread "GC Thread#2"                     [id=47088, stack(0x000000bce7600000,0x000000bce7700000) (1024K)]
  0x000001db63831240 WorkerThread "GC Thread#3"                     [id=134600, stack(0x000000bce7700000,0x000000bce7800000) (1024K)]
  0x000001db638315e0 WorkerThread "GC Thread#4"                     [id=135576, stack(0x000000bce7800000,0x000000bce7900000) (1024K)]
  0x000001db689ca6b0 WorkerThread "GC Thread#5"                     [id=91540, stack(0x000000bce7a00000,0x000000bce7b00000) (1024K)]
  0x000001db689caa50 WorkerThread "GC Thread#6"                     [id=117384, stack(0x000000bce7b00000,0x000000bce7c00000) (1024K)]
  0x000001db6965ee80 WorkerThread "GC Thread#7"                     [id=117616, stack(0x000000bce8400000,0x000000bce8500000) (1024K)]
  0x000001db6965eae0 WorkerThread "GC Thread#8"                     [id=52824, stack(0x000000bce8500000,0x000000bce8600000) (1024K)]
  0x000001db6965f5c0 WorkerThread "GC Thread#9"                     [id=125156, stack(0x000000bce8600000,0x000000bce8700000) (1024K)]
  0x000001db696600a0 WorkerThread "GC Thread#10"                    [id=128416, stack(0x000000bce8700000,0x000000bce8800000) (1024K)]
  0x000001db6965f960 WorkerThread "GC Thread#11"                    [id=129548, stack(0x000000bce8800000,0x000000bce8900000) (1024K)]
  0x000001db6965fd00 WorkerThread "GC Thread#12"                    [id=27020, stack(0x000000bce8900000,0x000000bce8a00000) (1024K)]
  0x000001db4ae361e0 ConcurrentGCThread "G1 Main Marker"            [id=70168, stack(0x000000bce5f00000,0x000000bce6000000) (1024K)]
  0x000001db4ae36bf0 WorkerThread "G1 Conc#0"                       [id=95044, stack(0x000000bce6000000,0x000000bce6100000) (1024K)]
  0x000001db69660440 WorkerThread "G1 Conc#1"                       [id=127380, stack(0x000000bce8a00000,0x000000bce8b00000) (1024K)]
  0x000001db6979c7b0 WorkerThread "G1 Conc#2"                       [id=2616, stack(0x000000bce8b00000,0x000000bce8c00000) (1024K)]
  0x000001db62e6af90 ConcurrentGCThread "G1 Refine#0"               [id=112924, stack(0x000000bce6100000,0x000000bce6200000) (1024K)]
  0x000001db62e6b7b0 ConcurrentGCThread "G1 Service"                [id=77812, stack(0x000000bce6200000,0x000000bce6300000) (1024K)]
Total: 21

Threads with active compile tasks:
C2 CompilerThread1  7758 6799       4       java.lang.Class::descriptorString (170 bytes)
C2 CompilerThread2  7758 6739       4       org.gradle.internal.serialize.AbstractCollectionSerializer::write (52 bytes)
C2 CompilerThread3  7758 6712       4       org.gradle.internal.serialize.HierarchicalNameSerializer::writeName (88 bytes)
C2 CompilerThread4  7758 6722       4       org.gradle.internal.serialize.HierarchicalNameSerializer::writeFirstOccurrenceOfName (73 bytes)
C2 CompilerThread5  7758 6741       4       org.gradle.internal.serialize.AbstractCollectionSerializer::write (10 bytes)
C2 CompilerThread7  7758 6730       4       org.gradle.internal.serialize.HierarchicalNameSerializer::write (10 bytes)
Total: 6

VM state: not at safepoint (normal execution)

VM Mutex/Monitor currently owned by a thread: None

Heap address: 0x0000000080000000, size: 2048 MB, Compressed Oops mode: 32-bit

CDS archive(s) not mapped
Compressed class space mapped at: 0x0000000100000000-0x0000000140000000, reserved size: 1073741824
Narrow klass base: 0x0000000000000000, Narrow klass shift: 3, Narrow klass range: 0x140000000

GC Precious Log:
 CardTable entry size: 512
 Card Set container configuration: InlinePtr #cards 5 size 8 Array Of Cards #cards 12 size 40 Howl #buckets 4 coarsen threshold 1843 Howl Bitmap #cards 512 size 80 coarsen threshold 460 Card regions per heap region 1 cards per card region 2048
 CPUs: 16 total, 16 available
 Memory: 15676M
 Large Page Support: Disabled
 NUMA Support: Disabled
 Compressed Oops: Enabled (32-bit)
 Heap Region Size: 1M
 Heap Min Capacity: 8M
 Heap Initial Capacity: 246M
 Heap Max Capacity: 2G
 Pre-touch: Disabled
 Parallel Workers: 13
 Concurrent Workers: 3
 Concurrent Refinement Workers: 13
 Periodic GC: Disabled

Heap:
 garbage-first heap   total 130048K, used 109734K [0x0000000080000000, 0x0000000100000000)
  region size 1024K, 36 young (36864K), 4 survivors (4096K)
 Metaspace       used 63794K, committed 65280K, reserved 1114112K
  class space    used 8863K, committed 9600K, reserved 1048576K

Heap Regions: E=young(eden), S=young(survivor), O=old, HS=humongous(starts), HC=humongous(continues), CS=collection set, F=free, TAMS=top-at-mark-start, PB=parsable bottom
|   0|0x0000000080000000, 0x0000000080100000, 0x0000000080100000|100%|HS|  |TAMS 0x0000000080000000| PB 0x0000000080000000| Complete 
|   1|0x0000000080100000, 0x0000000080200000, 0x0000000080200000|100%|HC|  |TAMS 0x0000000080100000| PB 0x0000000080100000| Complete 
|   2|0x0000000080200000, 0x0000000080300000, 0x0000000080300000|100%|HC|  |TAMS 0x0000000080200000| PB 0x0000000080200000| Complete 
|   3|0x0000000080300000, 0x0000000080400000, 0x0000000080400000|100%| O|  |TAMS 0x0000000080300000| PB 0x0000000080300000| Untracked 
|   4|0x0000000080400000, 0x0000000080500000, 0x0000000080500000|100%| O|  |TAMS 0x0000000080400000| PB 0x0000000080400000| Untracked 
|   5|0x0000000080500000, 0x0000000080600000, 0x0000000080600000|100%| O|  |TAMS 0x0000000080500000| PB 0x0000000080500000| Untracked 
|   6|0x0000000080600000, 0x0000000080700000, 0x0000000080700000|100%|HS|  |TAMS 0x0000000080600000| PB 0x0000000080600000| Complete 
|   7|0x0000000080700000, 0x0000000080800000, 0x0000000080800000|100%| O|  |TAMS 0x0000000080700000| PB 0x0000000080700000| Untracked 
|   8|0x0000000080800000, 0x0000000080900000, 0x0000000080900000|100%| O|  |TAMS 0x0000000080800000| PB 0x0000000080800000| Untracked 
|   9|0x0000000080900000, 0x0000000080a00000, 0x0000000080a00000|100%| O|  |TAMS 0x0000000080900000| PB 0x0000000080900000| Untracked 
|  10|0x0000000080a00000, 0x0000000080b00000, 0x0000000080b00000|100%| O|  |TAMS 0x0000000080a00000| PB 0x0000000080a00000| Untracked 
|  11|0x0000000080b00000, 0x0000000080c00000, 0x0000000080c00000|100%| O|  |TAMS 0x0000000080b00000| PB 0x0000000080b00000| Untracked 
|  12|0x0000000080c00000, 0x0000000080d00000, 0x0000000080d00000|100%| O|  |TAMS 0x0000000080c00000| PB 0x0000000080c00000| Untracked 
|  13|0x0000000080d00000, 0x0000000080e00000, 0x0000000080e00000|100%| O|  |TAMS 0x0000000080d00000| PB 0x0000000080d00000| Untracked 
|  14|0x0000000080e00000, 0x0000000080f00000, 0x0000000080f00000|100%| O|  |TAMS 0x0000000080e00000| PB 0x0000000080e00000| Untracked 
|  15|0x0000000080f00000, 0x0000000081000000, 0x0000000081000000|100%| O|  |TAMS 0x0000000080f00000| PB 0x0000000080f00000| Untracked 
|  16|0x0000000081000000, 0x0000000081100000, 0x0000000081100000|100%| O|  |TAMS 0x0000000081000000| PB 0x0000000081000000| Untracked 
|  17|0x0000000081100000, 0x0000000081200000, 0x0000000081200000|100%| O|  |TAMS 0x0000000081100000| PB 0x0000000081100000| Untracked 
|  18|0x0000000081200000, 0x0000000081300000, 0x0000000081300000|100%| O|  |TAMS 0x0000000081200000| PB 0x0000000081200000| Untracked 
|  19|0x0000000081300000, 0x0000000081400000, 0x0000000081400000|100%| O|  |TAMS 0x0000000081300000| PB 0x0000000081300000| Untracked 
|  20|0x0000000081400000, 0x0000000081500000, 0x0000000081500000|100%| O|  |TAMS 0x0000000081400000| PB 0x0000000081400000| Untracked 
|  21|0x0000000081500000, 0x0000000081600000, 0x0000000081600000|100%| O|  |TAMS 0x0000000081500000| PB 0x0000000081500000| Untracked 
|  22|0x0000000081600000, 0x0000000081700000, 0x0000000081700000|100%|HS|  |TAMS 0x0000000081600000| PB 0x0000000081600000| Complete 
|  23|0x0000000081700000, 0x0000000081800000, 0x0000000081800000|100%|HC|  |TAMS 0x0000000081700000| PB 0x0000000081700000| Complete 
|  24|0x0000000081800000, 0x0000000081900000, 0x0000000081900000|100%|HC|  |TAMS 0x0000000081800000| PB 0x0000000081800000| Complete 
|  25|0x0000000081900000, 0x0000000081a00000, 0x0000000081a00000|100%|HC|  |TAMS 0x0000000081900000| PB 0x0000000081900000| Complete 
|  26|0x0000000081a00000, 0x0000000081b00000, 0x0000000081b00000|100%|HC|  |TAMS 0x0000000081a00000| PB 0x0000000081a00000| Complete 
|  27|0x0000000081b00000, 0x0000000081c00000, 0x0000000081c00000|100%|HC|  |TAMS 0x0000000081b00000| PB 0x0000000081b00000| Complete 
|  28|0x0000000081c00000, 0x0000000081d00000, 0x0000000081d00000|100%|HS|  |TAMS 0x0000000081c00000| PB 0x0000000081c00000| Complete 
|  29|0x0000000081d00000, 0x0000000081e00000, 0x0000000081e00000|100%|HS|  |TAMS 0x0000000081d00000| PB 0x0000000081d00000| Complete 
|  30|0x0000000081e00000, 0x0000000081f00000, 0x0000000081f00000|100%|HC|  |TAMS 0x0000000081e00000| PB 0x0000000081e00000| Complete 
|  31|0x0000000081f00000, 0x0000000082000000, 0x0000000082000000|100%|HC|  |TAMS 0x0000000081f00000| PB 0x0000000081f00000| Complete 
|  32|0x0000000082000000, 0x0000000082100000, 0x0000000082100000|100%|HC|  |TAMS 0x0000000082000000| PB 0x0000000082000000| Complete 
|  33|0x0000000082100000, 0x0000000082200000, 0x0000000082200000|100%|HS|  |TAMS 0x0000000082100000| PB 0x0000000082100000| Complete 
|  34|0x0000000082200000, 0x0000000082300000, 0x0000000082300000|100%|HC|  |TAMS 0x0000000082200000| PB 0x0000000082200000| Complete 
|  35|0x0000000082300000, 0x0000000082400000, 0x0000000082400000|100%|HS|  |TAMS 0x0000000082300000| PB 0x0000000082300000| Complete 
|  36|0x0000000082400000, 0x0000000082500000, 0x0000000082500000|100%|HS|  |TAMS 0x0000000082400000| PB 0x0000000082400000| Complete 
|  37|0x0000000082500000, 0x0000000082600000, 0x0000000082600000|100%|HC|  |TAMS 0x0000000082500000| PB 0x0000000082500000| Complete 
|  38|0x0000000082600000, 0x0000000082700000, 0x0000000082700000|100%|HC|  |TAMS 0x0000000082600000| PB 0x0000000082600000| Complete 
|  39|0x0000000082700000, 0x0000000082800000, 0x0000000082800000|100%|HC|  |TAMS 0x0000000082700000| PB 0x0000000082700000| Complete 
|  40|0x0000000082800000, 0x0000000082900000, 0x0000000082900000|100%|HC|  |TAMS 0x0000000082800000| PB 0x0000000082800000| Complete 
|  41|0x0000000082900000, 0x0000000082a00000, 0x0000000082a00000|100%|HC|  |TAMS 0x0000000082900000| PB 0x0000000082900000| Complete 
|  42|0x0000000082a00000, 0x0000000082b00000, 0x0000000082b00000|100%|HS|  |TAMS 0x0000000082a00000| PB 0x0000000082a00000| Complete 
|  43|0x0000000082b00000, 0x0000000082c00000, 0x0000000082c00000|100%|HS|  |TAMS 0x0000000082b00000| PB 0x0000000082b00000| Complete 
|  44|0x0000000082c00000, 0x0000000082d00000, 0x0000000082d00000|100%|HC|  |TAMS 0x0000000082c00000| PB 0x0000000082c00000| Complete 
|  45|0x0000000082d00000, 0x0000000082e00000, 0x0000000082e00000|100%|HC|  |TAMS 0x0000000082d00000| PB 0x0000000082d00000| Complete 
|  46|0x0000000082e00000, 0x0000000082f00000, 0x0000000082f00000|100%|HC|  |TAMS 0x0000000082e00000| PB 0x0000000082e00000| Complete 
|  47|0x0000000082f00000, 0x0000000083000000, 0x0000000083000000|100%|HS|  |TAMS 0x0000000082f00000| PB 0x0000000082f00000| Complete 
|  48|0x0000000083000000, 0x0000000083100000, 0x0000000083100000|100%|HC|  |TAMS 0x0000000083000000| PB 0x0000000083000000| Complete 
|  49|0x0000000083100000, 0x0000000083200000, 0x0000000083200000|100%|HS|  |TAMS 0x0000000083100000| PB 0x0000000083100000| Complete 
|  50|0x0000000083200000, 0x0000000083300000, 0x0000000083300000|100%| O|  |TAMS 0x0000000083200000| PB 0x0000000083200000| Untracked 
|  51|0x0000000083300000, 0x0000000083400000, 0x0000000083400000|100%| O|  |TAMS 0x0000000083300000| PB 0x0000000083300000| Untracked 
|  52|0x0000000083400000, 0x0000000083500000, 0x0000000083500000|100%| O|  |TAMS 0x0000000083400000| PB 0x0000000083400000| Untracked 
|  53|0x0000000083500000, 0x0000000083600000, 0x0000000083600000|100%| O|  |TAMS 0x0000000083500000| PB 0x0000000083500000| Untracked 
|  54|0x0000000083600000, 0x0000000083700000, 0x0000000083700000|100%| O|  |TAMS 0x0000000083600000| PB 0x0000000083600000| Untracked 
|  55|0x0000000083700000, 0x0000000083800000, 0x0000000083800000|100%| O|  |TAMS 0x0000000083700000| PB 0x0000000083700000| Untracked 
|  56|0x0000000083800000, 0x0000000083900000, 0x0000000083900000|100%| O|  |TAMS 0x0000000083800000| PB 0x0000000083800000| Untracked 
|  57|0x0000000083900000, 0x0000000083a00000, 0x0000000083a00000|100%| O|  |TAMS 0x0000000083900000| PB 0x0000000083900000| Untracked 
|  58|0x0000000083a00000, 0x0000000083b00000, 0x0000000083b00000|100%| O|  |TAMS 0x0000000083a00000| PB 0x0000000083a00000| Untracked 
|  59|0x0000000083b00000, 0x0000000083c00000, 0x0000000083c00000|100%| O|  |TAMS 0x0000000083b00000| PB 0x0000000083b00000| Untracked 
|  60|0x0000000083c00000, 0x0000000083d00000, 0x0000000083d00000|100%| O|  |TAMS 0x0000000083c00000| PB 0x0000000083c00000| Untracked 
|  61|0x0000000083d00000, 0x0000000083e00000, 0x0000000083e00000|100%| O|  |TAMS 0x0000000083d00000| PB 0x0000000083d00000| Untracked 
|  62|0x0000000083e00000, 0x0000000083f00000, 0x0000000083f00000|100%| O|  |TAMS 0x0000000083e00000| PB 0x0000000083e00000| Untracked 
|  63|0x0000000083f00000, 0x0000000084000000, 0x0000000084000000|100%| O|  |TAMS 0x0000000083f00000| PB 0x0000000083f00000| Untracked 
|  64|0x0000000084000000, 0x0000000084100000, 0x0000000084100000|100%| O|  |TAMS 0x0000000084000000| PB 0x0000000084000000| Untracked 
|  65|0x0000000084100000, 0x0000000084200000, 0x0000000084200000|100%| O|  |TAMS 0x0000000084100000| PB 0x0000000084100000| Untracked 
|  66|0x0000000084200000, 0x0000000084300000, 0x0000000084300000|100%| O|  |TAMS 0x0000000084200000| PB 0x0000000084200000| Untracked 
|  67|0x0000000084300000, 0x0000000084400000, 0x0000000084400000|100%| O|  |TAMS 0x0000000084300000| PB 0x0000000084300000| Untracked 
|  68|0x0000000084400000, 0x0000000084500000, 0x0000000084500000|100%| O|  |TAMS 0x0000000084400000| PB 0x0000000084400000| Untracked 
|  69|0x0000000084500000, 0x0000000084600000, 0x0000000084600000|100%| O|  |TAMS 0x0000000084500000| PB 0x0000000084500000| Untracked 
|  70|0x0000000084600000, 0x000000008463ca00, 0x0000000084700000| 23%| O|  |TAMS 0x0000000084600000| PB 0x0000000084600000| Untracked 
|  71|0x0000000084700000, 0x0000000084800000, 0x0000000084800000|100%| O|Cm|TAMS 0x0000000084700000| PB 0x0000000084700000| Complete 
|  72|0x0000000084800000, 0x0000000084800000, 0x0000000084900000|  0%| F|  |TAMS 0x0000000084800000| PB 0x0000000084800000| Untracked 
|  73|0x0000000084900000, 0x0000000084900000, 0x0000000084a00000|  0%| F|  |TAMS 0x0000000084900000| PB 0x0000000084900000| Untracked 
|  74|0x0000000084a00000, 0x0000000084a00000, 0x0000000084b00000|  0%| F|  |TAMS 0x0000000084a00000| PB 0x0000000084a00000| Untracked 
|  75|0x0000000084b00000, 0x0000000084b00000, 0x0000000084c00000|  0%| F|  |TAMS 0x0000000084b00000| PB 0x0000000084b00000| Untracked 
|  76|0x0000000084c00000, 0x0000000084c00000, 0x0000000084d00000|  0%| F|  |TAMS 0x0000000084c00000| PB 0x0000000084c00000| Untracked 
|  77|0x0000000084d00000, 0x0000000084d00000, 0x0000000084e00000|  0%| F|  |TAMS 0x0000000084d00000| PB 0x0000000084d00000| Untracked 
|  78|0x0000000084e00000, 0x0000000084e00000, 0x0000000084f00000|  0%| F|  |TAMS 0x0000000084e00000| PB 0x0000000084e00000| Untracked 
|  79|0x0000000084f00000, 0x0000000084f00000, 0x0000000085000000|  0%| F|  |TAMS 0x0000000084f00000| PB 0x0000000084f00000| Untracked 
|  80|0x0000000085000000, 0x0000000085000000, 0x0000000085100000|  0%| F|  |TAMS 0x0000000085000000| PB 0x0000000085000000| Untracked 
|  81|0x0000000085100000, 0x0000000085100000, 0x0000000085200000|  0%| F|  |TAMS 0x0000000085100000| PB 0x0000000085100000| Untracked 
|  82|0x0000000085200000, 0x00000000852eceb0, 0x0000000085300000| 92%| S|CS|TAMS 0x0000000085200000| PB 0x0000000085200000| Complete 
|  83|0x0000000085300000, 0x0000000085400000, 0x0000000085400000|100%| S|CS|TAMS 0x0000000085300000| PB 0x0000000085300000| Complete 
|  84|0x0000000085400000, 0x0000000085500000, 0x0000000085500000|100%| S|CS|TAMS 0x0000000085400000| PB 0x0000000085400000| Complete 
|  85|0x0000000085500000, 0x0000000085600000, 0x0000000085600000|100%| S|CS|TAMS 0x0000000085500000| PB 0x0000000085500000| Complete 
|  86|0x0000000085600000, 0x0000000085600000, 0x0000000085700000|  0%| F|  |TAMS 0x0000000085600000| PB 0x0000000085600000| Untracked 
|  87|0x0000000085700000, 0x0000000085700000, 0x0000000085800000|  0%| F|  |TAMS 0x0000000085700000| PB 0x0000000085700000| Untracked 
|  88|0x0000000085800000, 0x0000000085800000, 0x0000000085900000|  0%| F|  |TAMS 0x0000000085800000| PB 0x0000000085800000| Untracked 
|  89|0x0000000085900000, 0x0000000085900000, 0x0000000085a00000|  0%| F|  |TAMS 0x0000000085900000| PB 0x0000000085900000| Untracked 
|  90|0x0000000085a00000, 0x0000000085a00000, 0x0000000085b00000|  0%| F|  |TAMS 0x0000000085a00000| PB 0x0000000085a00000| Untracked 
|  91|0x0000000085b00000, 0x0000000085b00000, 0x0000000085c00000|  0%| F|  |TAMS 0x0000000085b00000| PB 0x0000000085b00000| Untracked 
|  92|0x0000000085c00000, 0x0000000085c00000, 0x0000000085d00000|  0%| F|  |TAMS 0x0000000085c00000| PB 0x0000000085c00000| Untracked 
|  93|0x0000000085d00000, 0x0000000085d5de10, 0x0000000085e00000| 36%| E|  |TAMS 0x0000000085d00000| PB 0x0000000085d00000| Complete 
|  94|0x0000000085e00000, 0x0000000085f00000, 0x0000000085f00000|100%| E|CS|TAMS 0x0000000085e00000| PB 0x0000000085e00000| Complete 
|  95|0x0000000085f00000, 0x0000000086000000, 0x0000000086000000|100%| E|CS|TAMS 0x0000000085f00000| PB 0x0000000085f00000| Complete 
|  96|0x0000000086000000, 0x0000000086100000, 0x0000000086100000|100%| E|CS|TAMS 0x0000000086000000| PB 0x0000000086000000| Complete 
|  97|0x0000000086100000, 0x0000000086200000, 0x0000000086200000|100%| E|CS|TAMS 0x0000000086100000| PB 0x0000000086100000| Complete 
|  98|0x0000000086200000, 0x0000000086300000, 0x0000000086300000|100%| E|CS|TAMS 0x0000000086200000| PB 0x0000000086200000| Complete 
|  99|0x0000000086300000, 0x0000000086400000, 0x0000000086400000|100%| E|CS|TAMS 0x0000000086300000| PB 0x0000000086300000| Complete 
| 100|0x0000000086400000, 0x0000000086500000, 0x0000000086500000|100%| E|CS|TAMS 0x0000000086400000| PB 0x0000000086400000| Complete 
| 101|0x0000000086500000, 0x0000000086600000, 0x0000000086600000|100%| E|CS|TAMS 0x0000000086500000| PB 0x0000000086500000| Complete 
| 102|0x0000000086600000, 0x0000000086700000, 0x0000000086700000|100%| E|CS|TAMS 0x0000000086600000| PB 0x0000000086600000| Complete 
| 103|0x0000000086700000, 0x0000000086800000, 0x0000000086800000|100%| E|CS|TAMS 0x0000000086700000| PB 0x0000000086700000| Complete 
| 104|0x0000000086800000, 0x0000000086900000, 0x0000000086900000|100%| E|CS|TAMS 0x0000000086800000| PB 0x0000000086800000| Complete 
| 105|0x0000000086900000, 0x0000000086a00000, 0x0000000086a00000|100%| E|CS|TAMS 0x0000000086900000| PB 0x0000000086900000| Complete 
| 106|0x0000000086a00000, 0x0000000086b00000, 0x0000000086b00000|100%| E|  |TAMS 0x0000000086a00000| PB 0x0000000086a00000| Complete 
| 107|0x0000000086b00000, 0x0000000086c00000, 0x0000000086c00000|100%| E|CS|TAMS 0x0000000086b00000| PB 0x0000000086b00000| Complete 
| 108|0x0000000086c00000, 0x0000000086d00000, 0x0000000086d00000|100%| E|CS|TAMS 0x0000000086c00000| PB 0x0000000086c00000| Complete 
| 109|0x0000000086d00000, 0x0000000086e00000, 0x0000000086e00000|100%| E|CS|TAMS 0x0000000086d00000| PB 0x0000000086d00000| Complete 
| 110|0x0000000086e00000, 0x0000000086f00000, 0x0000000086f00000|100%| E|CS|TAMS 0x0000000086e00000| PB 0x0000000086e00000| Complete 
| 111|0x0000000086f00000, 0x0000000087000000, 0x0000000087000000|100%| E|CS|TAMS 0x0000000086f00000| PB 0x0000000086f00000| Complete 
| 112|0x0000000087000000, 0x0000000087100000, 0x0000000087100000|100%| E|CS|TAMS 0x0000000087000000| PB 0x0000000087000000| Complete 
| 113|0x0000000087100000, 0x0000000087200000, 0x0000000087200000|100%| E|CS|TAMS 0x0000000087100000| PB 0x0000000087100000| Complete 
| 114|0x0000000087200000, 0x0000000087300000, 0x0000000087300000|100%| E|CS|TAMS 0x0000000087200000| PB 0x0000000087200000| Complete 
| 115|0x0000000087300000, 0x0000000087400000, 0x0000000087400000|100%| E|CS|TAMS 0x0000000087300000| PB 0x0000000087300000| Complete 
| 116|0x0000000087400000, 0x0000000087500000, 0x0000000087500000|100%| E|CS|TAMS 0x0000000087400000| PB 0x0000000087400000| Complete 
| 117|0x0000000087500000, 0x0000000087600000, 0x0000000087600000|100%| E|CS|TAMS 0x0000000087500000| PB 0x0000000087500000| Complete 
| 118|0x0000000087600000, 0x0000000087700000, 0x0000000087700000|100%| E|CS|TAMS 0x0000000087600000| PB 0x0000000087600000| Complete 
| 119|0x0000000087700000, 0x0000000087800000, 0x0000000087800000|100%| E|CS|TAMS 0x0000000087700000| PB 0x0000000087700000| Complete 
| 120|0x0000000087800000, 0x0000000087900000, 0x0000000087900000|100%| E|CS|TAMS 0x0000000087800000| PB 0x0000000087800000| Complete 
| 121|0x0000000087900000, 0x0000000087a00000, 0x0000000087a00000|100%| E|CS|TAMS 0x0000000087900000| PB 0x0000000087900000| Complete 
| 122|0x0000000087a00000, 0x0000000087b00000, 0x0000000087b00000|100%| E|CS|TAMS 0x0000000087a00000| PB 0x0000000087a00000| Complete 
| 245|0x000000008f500000, 0x000000008f600000, 0x000000008f600000|100%| E|CS|TAMS 0x000000008f500000| PB 0x000000008f500000| Complete 
|2045|0x00000000ffd00000, 0x00000000ffe00000, 0x00000000ffe00000|100%| O|  |TAMS 0x00000000ffd00000| PB 0x00000000ffd00000| Untracked 
|2046|0x00000000ffe00000, 0x00000000fff00000, 0x00000000fff00000|100%| E|CS|TAMS 0x00000000ffe00000| PB 0x00000000ffe00000| Complete 
|2047|0x00000000fff00000, 0x0000000100000000, 0x0000000100000000|100%| O|  |TAMS 0x00000000fff00000| PB 0x00000000fff00000| Untracked 

Card table byte_map: [0x000001db5dba0000,0x000001db5dfa0000] _byte_map_base: 0x000001db5d7a0000

Marking Bits: (CMBitMap*) 0x000001db4ae24ff0
 Bits: [0x000001db5dfa0000, 0x000001db5ffa0000)

Polling page: 0x000001db48a10000

Metaspace:

Usage:
  Non-class:     53.64 MB used.
      Class:      8.66 MB used.
       Both:     62.30 MB used.

Virtual space:
  Non-class space:       64.00 MB reserved,      54.38 MB ( 85%) committed,  1 nodes.
      Class space:        1.00 GB reserved,       9.38 MB ( <1%) committed,  1 nodes.
             Both:        1.06 GB reserved,      63.75 MB (  6%) committed. 

Chunk freelists:
   Non-Class:  9.07 MB
       Class:  6.59 MB
        Both:  15.66 MB

MaxMetaspaceSize: unlimited
CompressedClassSpaceSize: 1.00 GB
Initial GC threshold: 21.00 MB
Current GC threshold: 106.19 MB
CDS: off
 - commit_granule_bytes: 65536.
 - commit_granule_words: 8192.
 - virtual_space_node_default_size: 8388608.
 - enlarge_chunks_in_place: 1.
 - use_allocation_guard: 0.


Internal statistics:

num_allocs_failed_limit: 6.
num_arena_births: 2818.
num_arena_deaths: 4.
num_vsnodes_births: 2.
num_vsnodes_deaths: 0.
num_space_committed: 1020.
num_space_uncommitted: 0.
num_chunks_returned_to_freelist: 12.
num_chunks_taken_from_freelist: 5391.
num_chunk_merges: 3.
num_chunk_splits: 3416.
num_chunks_enlarged: 2068.
num_inconsistent_stats: 0.

CodeHeap 'non-profiled nmethods': size=119168Kb used=4284Kb max_used=4306Kb free=114883Kb
 bounds [0x000001db55ab0000, 0x000001db55f20000, 0x000001db5cf10000]
CodeHeap 'profiled nmethods': size=119104Kb used=10241Kb max_used=11161Kb free=108863Kb
 bounds [0x000001db4df10000, 0x000001db4ea00000, 0x000001db55360000]
CodeHeap 'non-nmethods': size=7488Kb used=4651Kb max_used=4759Kb free=2836Kb
 bounds [0x000001db55360000, 0x000001db55810000, 0x000001db55ab0000]
 total_blobs=6566 nmethods=5691 adapters=775
 compilation: enabled
              stopped_count=0, restarted_count=0
 full_count=0

Compilation events (20 events):
Event: 7.725 Thread 0x000001db6351c3c0 6778       4       com.google.common.io.CountingOutputStream::write (22 bytes)
Event: 7.725 Thread 0x000001db63967c00 nmethod 6775 0x000001db4e163410 code [0x000001db4e163640, 0x000001db4e163e00]
Event: 7.725 Thread 0x000001db6327d5b0 nmethod 6779 0x000001db4e0e6a10 code [0x000001db4e0e6be0, 0x000001db4e0e6f28]
Event: 7.725 Thread 0x000001db63112b00 nmethod 6777 0x000001db55bbf610 code [0x000001db55bbf7a0, 0x000001db55bbf858]
Event: 7.726 Thread 0x000001db63967c00 6780       3       org.gradle.api.internal.cache.StringInterner::intern (20 bytes)
Event: 7.726 Thread 0x000001db6311a5d0 6781       3       com.google.common.collect.Interners$InternerImpl::intern (54 bytes)
Event: 7.726 Thread 0x000001db6327fc70 6782       3       com.google.common.collect.MapMakerInternalMap::getEntry (23 bytes)
Event: 7.727 Thread 0x000001db6327d5b0 6783       3       org.gradle.internal.snapshot.ChildMapFactory::childMapFromSorted (84 bytes)
Event: 7.727 Thread 0x000001db63967c00 nmethod 6780 0x000001db4e264c90 code [0x000001db4e264e60, 0x000001db4e265170]
Event: 7.727 Thread 0x000001db6327fc70 nmethod 6782 0x000001db4df95d10 code [0x000001db4df95f20, 0x000001db4df96418]
Event: 7.727 Thread 0x000001db6327fc70 6784       3       org.gradle.internal.logging.slf4j.OutputEventListenerBackedLogger::debug (7 bytes)
Event: 7.727 Thread 0x000001db6311a5d0 nmethod 6781 0x000001db4e799010 code [0x000001db4e799260, 0x000001db4e799ae0]
Event: 7.727 Thread 0x000001db6327fc70 nmethod 6784 0x000001db4e280590 code [0x000001db4e280740, 0x000001db4e280880]
Event: 7.727 Thread 0x000001db6327d5b0 nmethod 6783 0x000001db4dfa5190 code [0x000001db4dfa53e0, 0x000001db4dfa5c90]
Event: 7.728 Thread 0x000001db63112b00 6785       4       jdk.internal.util.StrongReferenceKey::equals (28 bytes)
Event: 7.728 Thread 0x000001db6bec3c10 nmethod 6776 0x000001db55d24190 code [0x000001db55d24380, 0x000001db55d24870]
Event: 7.729 Thread 0x000001db6bec3c10 6786       4       java.util.ImmutableCollections$Set12$1::hasNext (13 bytes)
Event: 7.729 Thread 0x000001db6351c3c0 nmethod 6778 0x000001db55e3de90 code [0x000001db55e3e080, 0x000001db55e3e658]
Event: 7.729 Thread 0x000001db6bec3c10 nmethod 6786 0x000001db55d23e90 code [0x000001db55d24020, 0x000001db55d240b8]
Event: 7.729 Thread 0x000001db63112b00 nmethod 6785 0x000001db55d23990 code [0x000001db55d23b20, 0x000001db55d23cd8]

GC Heap History (20 events):
Event: 4.951 GC heap before
{Heap before GC invocations=9 (full 0):
 garbage-first heap   total 89088K, used 86991K [0x0000000080000000, 0x0000000100000000)
  region size 1024K, 37 young (37888K), 4 survivors (4096K)
 Metaspace       used 38551K, committed 39424K, reserved 1114112K
  class space    used 5290K, committed 5696K, reserved 1048576K
}
Event: 4.957 GC heap after
{Heap after GC invocations=10 (full 0):
 garbage-first heap   total 99328K, used 60563K [0x0000000080000000, 0x0000000100000000)
  region size 1024K, 8 young (8192K), 8 survivors (8192K)
 Metaspace       used 38551K, committed 39424K, reserved 1114112K
  class space    used 5290K, committed 5696K, reserved 1048576K
}
Event: 5.155 GC heap before
{Heap before GC invocations=10 (full 0):
 garbage-first heap   total 99328K, used 83091K [0x0000000080000000, 0x0000000100000000)
  region size 1024K, 31 young (31744K), 8 survivors (8192K)
 Metaspace       used 42280K, committed 43200K, reserved 1114112K
  class space    used 5735K, committed 6144K, reserved 1048576K
}
Event: 5.158 GC heap after
{Heap after GC invocations=11 (full 0):
 garbage-first heap   total 99328K, used 61889K [0x0000000080000000, 0x0000000100000000)
  region size 1024K, 2 young (2048K), 2 survivors (2048K)
 Metaspace       used 42280K, committed 43200K, reserved 1114112K
  class space    used 5735K, committed 6144K, reserved 1048576K
}
Event: 5.300 GC heap before
{Heap before GC invocations=11 (full 0):
 garbage-first heap   total 99328K, used 87489K [0x0000000080000000, 0x0000000100000000)
  region size 1024K, 28 young (28672K), 2 survivors (2048K)
 Metaspace       used 44168K, committed 45056K, reserved 1114112K
  class space    used 6049K, committed 6464K, reserved 1048576K
}
Event: 5.303 GC heap after
{Heap after GC invocations=12 (full 0):
 garbage-first heap   total 99328K, used 63076K [0x0000000080000000, 0x0000000100000000)
  region size 1024K, 3 young (3072K), 3 survivors (3072K)
 Metaspace       used 44168K, committed 45056K, reserved 1114112K
  class space    used 6049K, committed 6464K, reserved 1048576K
}
Event: 5.630 GC heap before
{Heap before GC invocations=13 (full 0):
 garbage-first heap   total 106496K, used 88676K [0x0000000080000000, 0x0000000100000000)
  region size 1024K, 29 young (29696K), 3 survivors (3072K)
 Metaspace       used 47193K, committed 48128K, reserved 1114112K
  class space    used 6497K, committed 6976K, reserved 1048576K
}
Event: 5.632 GC heap after
{Heap after GC invocations=14 (full 0):
 garbage-first heap   total 128000K, used 64719K [0x0000000080000000, 0x0000000100000000)
  region size 1024K, 4 young (4096K), 4 survivors (4096K)
 Metaspace       used 47193K, committed 48128K, reserved 1114112K
  class space    used 6497K, committed 6976K, reserved 1048576K
}
Event: 6.163 GC heap before
{Heap before GC invocations=14 (full 0):
 garbage-first heap   total 128000K, used 117967K [0x0000000080000000, 0x0000000100000000)
  region size 1024K, 52 young (53248K), 4 survivors (4096K)
 Metaspace       used 55005K, committed 56064K, reserved 1114112K
  class space    used 7379K, committed 7936K, reserved 1048576K
}
Event: 6.168 GC heap after
{Heap after GC invocations=15 (full 0):
 garbage-first heap   total 129024K, used 68957K [0x0000000080000000, 0x0000000100000000)
  region size 1024K, 7 young (7168K), 7 survivors (7168K)
 Metaspace       used 55005K, committed 56064K, reserved 1114112K
  class space    used 7379K, committed 7936K, reserved 1048576K
}
Event: 6.533 GC heap before
{Heap before GC invocations=15 (full 0):
 garbage-first heap   total 129024K, used 114013K [0x0000000080000000, 0x0000000100000000)
  region size 1024K, 51 young (52224K), 7 survivors (7168K)
 Metaspace       used 58169K, committed 59520K, reserved 1114112K
  class space    used 7910K, committed 8576K, reserved 1048576K
}
Event: 6.538 GC heap after
{Heap after GC invocations=16 (full 0):
 garbage-first heap   total 129024K, used 72005K [0x0000000080000000, 0x0000000100000000)
  region size 1024K, 3 young (3072K), 3 survivors (3072K)
 Metaspace       used 58169K, committed 59520K, reserved 1114112K
  class space    used 7910K, committed 8576K, reserved 1048576K
}
Event: 7.069 GC heap before
{Heap before GC invocations=17 (full 0):
 garbage-first heap   total 129024K, used 118085K [0x0000000080000000, 0x0000000100000000)
  region size 1024K, 47 young (48128K), 3 survivors (3072K)
 Metaspace       used 63488K, committed 65024K, reserved 1114112K
  class space    used 8816K, committed 9536K, reserved 1048576K
}
Event: 7.073 GC heap after
{Heap after GC invocations=18 (full 0):
 garbage-first heap   total 129024K, used 74525K [0x0000000080000000, 0x0000000100000000)
  region size 1024K, 5 young (5120K), 5 survivors (5120K)
 Metaspace       used 63488K, committed 65024K, reserved 1114112K
  class space    used 8816K, committed 9536K, reserved 1048576K
}
Event: 7.192 GC heap before
{Heap before GC invocations=18 (full 0):
 garbage-first heap   total 129024K, used 115485K [0x0000000080000000, 0x0000000100000000)
  region size 1024K, 45 young (46080K), 5 survivors (5120K)
 Metaspace       used 63706K, committed 65216K, reserved 1114112K
  class space    used 8843K, committed 9600K, reserved 1048576K
}
Event: 7.196 GC heap after
{Heap after GC invocations=19 (full 0):
 garbage-first heap   total 129024K, used 74794K [0x0000000080000000, 0x0000000100000000)
  region size 1024K, 4 young (4096K), 4 survivors (4096K)
 Metaspace       used 63706K, committed 65216K, reserved 1114112K
  class space    used 8843K, committed 9600K, reserved 1048576K
}
Event: 7.340 GC heap before
{Heap before GC invocations=19 (full 0):
 garbage-first heap   total 129024K, used 116778K [0x0000000080000000, 0x0000000100000000)
  region size 1024K, 45 young (46080K), 4 survivors (4096K)
 Metaspace       used 63708K, committed 65216K, reserved 1114112K
  class space    used 8843K, committed 9600K, reserved 1048576K
}
Event: 7.344 GC heap after
{Heap after GC invocations=20 (full 0):
 garbage-first heap   total 129024K, used 77003K [0x0000000080000000, 0x0000000100000000)
  region size 1024K, 4 young (4096K), 4 survivors (4096K)
 Metaspace       used 63708K, committed 65216K, reserved 1114112K
  class space    used 8843K, committed 9600K, reserved 1048576K
}
Event: 7.509 GC heap before
{Heap before GC invocations=21 (full 0):
 garbage-first heap   total 130048K, used 116939K [0x0000000080000000, 0x0000000100000000)
  region size 1024K, 43 young (44032K), 4 survivors (4096K)
 Metaspace       used 63689K, committed 65216K, reserved 1114112K
  class space    used 8837K, committed 9600K, reserved 1048576K
}
Event: 7.512 GC heap after
{Heap after GC invocations=22 (full 0):
 garbage-first heap   total 130048K, used 79014K [0x0000000080000000, 0x0000000100000000)
  region size 1024K, 4 young (4096K), 4 survivors (4096K)
 Metaspace       used 63689K, committed 65216K, reserved 1114112K
  class space    used 8837K, committed 9600K, reserved 1048576K
}

Dll operation events (3 events):
Event: 0.054 Loaded shared library C:\Program Files\Android\Android Studio\jbr\bin\java.dll
Event: 0.069 Loaded shared library C:\Program Files\Android\Android Studio\jbr\bin\zip.dll
Event: 0.558 Loaded shared library C:\Program Files\Android\Android Studio\jbr\bin\verify.dll

Deoptimization events (20 events):
Event: 7.581 Thread 0x000001db69706c00 Uncommon trap: trap_request=0xffffff45 fr.pc=0x000001db55ddb94c relative=0x00000000000004cc
Event: 7.581 Thread 0x000001db69706c00 Uncommon trap: reason=unstable_if action=reinterpret pc=0x000001db55ddb94c method=com.esotericsoftware.kryo.io.Output.writeVarInt(IZ)I @ 50 c2
Event: 7.581 Thread 0x000001db69706c00 DEOPT PACKING pc=0x000001db55ddb94c sp=0x000000bce82f1900
Event: 7.581 Thread 0x000001db69706c00 DEOPT UNPACKING pc=0x000001db553b7da2 sp=0x000000bce82f18d8 mode 2
Event: 7.711 Thread 0x000001db69706c00 Uncommon trap: trap_request=0xffffffde fr.pc=0x000001db55be258c relative=0x00000000000002ac
Event: 7.711 Thread 0x000001db69706c00 Uncommon trap: reason=class_check action=maybe_recompile pc=0x000001db55be258c method=java.util.Collections$SetFromMap.remove(Ljava/lang/Object;)Z @ 5 c2
Event: 7.711 Thread 0x000001db69706c00 DEOPT PACKING pc=0x000001db55be258c sp=0x000000bce82f1ea0
Event: 7.711 Thread 0x000001db69706c00 DEOPT UNPACKING pc=0x000001db553b7da2 sp=0x000000bce82f1e88 mode 2
Event: 7.731 Thread 0x000001db69706c00 Uncommon trap: trap_request=0xffffffde fr.pc=0x000001db55ed4048 relative=0x0000000000001188
Event: 7.731 Thread 0x000001db69706c00 Uncommon trap: reason=class_check action=maybe_recompile pc=0x000001db55ed4048 method=com.google.common.collect.AbstractIterator.tryToComputeNext()Z @ 9 c2
Event: 7.731 Thread 0x000001db69706c00 DEOPT PACKING pc=0x000001db55ed4048 sp=0x000000bce82f6120
Event: 7.731 Thread 0x000001db69706c00 DEOPT UNPACKING pc=0x000001db553b7da2 sp=0x000000bce82f6158 mode 2
Event: 7.731 Thread 0x000001db69706c00 Uncommon trap: trap_request=0xffffffde fr.pc=0x000001db55ed4048 relative=0x0000000000001188
Event: 7.731 Thread 0x000001db69706c00 Uncommon trap: reason=class_check action=maybe_recompile pc=0x000001db55ed4048 method=com.google.common.collect.AbstractIterator.tryToComputeNext()Z @ 9 c2
Event: 7.731 Thread 0x000001db69706c00 DEOPT PACKING pc=0x000001db55ed4048 sp=0x000000bce82f6120
Event: 7.731 Thread 0x000001db69706c00 DEOPT UNPACKING pc=0x000001db553b7da2 sp=0x000000bce82f6158 mode 2
Event: 7.731 Thread 0x000001db69706c00 Uncommon trap: trap_request=0xffffffde fr.pc=0x000001db55ed4048 relative=0x0000000000001188
Event: 7.731 Thread 0x000001db69706c00 Uncommon trap: reason=class_check action=maybe_recompile pc=0x000001db55ed4048 method=com.google.common.collect.AbstractIterator.tryToComputeNext()Z @ 9 c2
Event: 7.731 Thread 0x000001db69706c00 DEOPT PACKING pc=0x000001db55ed4048 sp=0x000000bce82f6050
Event: 7.731 Thread 0x000001db69706c00 DEOPT UNPACKING pc=0x000001db553b7da2 sp=0x000000bce82f6088 mode 2

Classes loaded (20 events):
Event: 6.952 Loading class java/io/DeleteOnExitHook
Event: 6.952 Loading class java/io/DeleteOnExitHook done
Event: 6.952 Loading class java/io/DeleteOnExitHook$1
Event: 6.952 Loading class java/io/DeleteOnExitHook$1 done
Event: 6.988 Loading class java/util/stream/DistinctOps
Event: 6.988 Loading class java/util/stream/DistinctOps done
Event: 6.988 Loading class java/util/stream/DistinctOps$1
Event: 6.989 Loading class java/util/stream/ReferencePipeline$StatefulOp
Event: 6.989 Loading class java/util/stream/ReferencePipeline$StatefulOp done
Event: 6.989 Loading class java/util/stream/DistinctOps$1 done
Event: 6.989 Loading class java/util/stream/DistinctOps$1$2
Event: 6.989 Loading class java/util/stream/DistinctOps$1$2 done
Event: 7.005 Loading class sun/reflect/ReflectionFactory
Event: 7.005 Loading class sun/reflect/ReflectionFactory done
Event: 7.005 Loading class sun/reflect/ReflectionFactory$1
Event: 7.005 Loading class sun/reflect/ReflectionFactory$1 done
Event: 7.057 Loading class java/util/zip/ZipFile$ZipEntryIterator
Event: 7.058 Loading class java/util/zip/ZipFile$ZipEntryIterator done
Event: 7.063 Loading class java/util/zip/ZipInputStream
Event: 7.063 Loading class java/util/zip/ZipInputStream done

Classes unloaded (5 events):
Event: 7.373 Thread 0x000001db630477c0 Unloading class 0x00000001007c4968 '_BuildScript_$_run_closure1$_closure2'
Event: 7.373 Thread 0x000001db630477c0 Unloading class 0x00000001007c4558 '_BuildScript_$_run_closure1'
Event: 7.373 Thread 0x000001db630477c0 Unloading class 0x00000001007c4000 '_BuildScript_'
Event: 7.373 Thread 0x000001db630477c0 Unloading class 0x0000000100700558 '_BuildScript_$_run_closure1'
Event: 7.373 Thread 0x000001db630477c0 Unloading class 0x0000000100700000 '_BuildScript_'

Classes redefined (0 events):
No events

Internal exceptions (20 events):
Event: 6.736 Thread 0x000001db69706c00 Exception <a 'java/lang/NoSuchMethodError'{0x0000000086afd4b0}: 'java.lang.Object java.lang.invoke.DirectMethodHandle$Holder.newInvokeSpecial(java.lang.Object, java.lang.Object, java.lang.Object, long, java.lang.Object)'> (0x0000000086afd4b0) 
thrown [s\src\hotspot\share\interpreter\linkResolver.cpp, line 784]
Event: 6.736 Thread 0x000001db69706c00 Exception <a 'java/lang/NoSuchMethodError'{0x0000000086902878}: 'java.lang.Object java.lang.invoke.DirectMethodHandle$Holder.invokeSpecial(java.lang.Object, java.lang.Object, java.lang.Object, java.lang.Object, long, java.lang.Object)'> (0x0000000086902878) 
thrown [s\src\hotspot\share\interpreter\linkResolver.cpp, line 784]
Event: 6.736 Thread 0x000001db69706c00 Exception <a 'java/lang/NoSuchMethodError'{0x0000000086907060}: 'java.lang.Object java.lang.invoke.Invokers$Holder.linkToTargetMethod(java.lang.Object, java.lang.Object, long, java.lang.Object, java.lang.Object)'> (0x0000000086907060) 
thrown [s\src\hotspot\share\interpreter\linkResolver.cpp, line 784]
Event: 6.763 Thread 0x000001db69706c00 Exception <a 'java/lang/NoSuchMethodError'{0x000000008676d680}: 'java.lang.Object java.lang.invoke.DirectMethodHandle$Holder.newInvokeSpecial(java.lang.Object, java.lang.Object, java.lang.Object, java.lang.Object, java.lang.Object, java.lang.Object, java.lang.Object, java.lang.Object, java.lang.Object, java.lang.Object, java.lang.Object, java.lang.Object, java.lang.Object, java.lang.Object, java.lang.Object, java.lang.Object, java.lang.Object, java.lang.Object, java.lang.Object, java.lang.Object, java.lang
Event: 6.789 Thread 0x000001db69706c00 Implicit null exception at 0x000001db55daa6fc to 0x000001db55daa7ac
Event: 6.799 Thread 0x000001db69706c00 Exception <a 'java/lang/ClassNotFoundException'{0x000000008637a2f8}: org/gradle/api/internal/artifacts/dsl/dependencies/DefaultDependencyHandler_DecoratedBeanInfo> (0x000000008637a2f8) 
thrown [s\src\hotspot\share\classfile\systemDictionary.cpp, line 312]
Event: 6.799 Thread 0x000001db69706c00 Exception <a 'java/lang/ClassNotFoundException'{0x0000000086390288}: org/gradle/api/internal/artifacts/dsl/dependencies/DefaultDependencyHandlerBeanInfo> (0x0000000086390288) 
thrown [s\src\hotspot\share\classfile\systemDictionary.cpp, line 312]
Event: 6.800 Thread 0x000001db69706c00 Exception <a 'java/lang/ClassNotFoundException'{0x00000000863a5f48}: org/gradle/api/internal/artifacts/dsl/dependencies/DefaultDependencyHandlerCustomizer> (0x00000000863a5f48) 
thrown [s\src\hotspot\share\classfile\systemDictionary.cpp, line 312]
Event: 6.801 Thread 0x000001db69706c00 Exception <a 'java/lang/ClassNotFoundException'{0x00000000863f0fb8}: org/gradle/api/internal/artifacts/dsl/dependencies/DefaultDependencyHandler_DecoratedCustomizer> (0x00000000863f0fb8) 
thrown [s\src\hotspot\share\classfile\systemDictionary.cpp, line 312]
Event: 6.805 Thread 0x000001db69706c00 Exception <a 'java/lang/ClassNotFoundException'{0x00000000862327d8}: sync_studio_tooling_bshmdkmlggy1ukfgz86jomuhd$_run_closure1BeanInfo> (0x00000000862327d8) 
thrown [s\src\hotspot\share\classfile\systemDictionary.cpp, line 312]
Event: 6.805 Thread 0x000001db69706c00 Exception <a 'java/lang/ClassNotFoundException'{0x000000008623aa98}: sync_studio_tooling_bshmdkmlggy1ukfgz86jomuhd$_run_closure1Customizer> (0x000000008623aa98) 
thrown [s\src\hotspot\share\classfile\systemDictionary.cpp, line 312]
Event: 6.826 Thread 0x000001db69706c00 Exception <a 'java/lang/NoSuchMethodError'{0x0000000086019128}: 'java.lang.Object java.lang.invoke.DirectMethodHandle$Holder.newInvokeSpecial(java.lang.Object, int, java.lang.Object)'> (0x0000000086019128) 
thrown [s\src\hotspot\share\interpreter\linkResolver.cpp, line 784]
Event: 6.932 Thread 0x000001db69706c00 Exception <a 'java/lang/NoSuchMethodError'{0x00000000858e38f0}: 'java.lang.Object java.lang.invoke.DirectMethodHandle$Holder.invokeSpecial(java.lang.Object, java.lang.Object, long, java.lang.Object, java.lang.Object)'> (0x00000000858e38f0) 
thrown [s\src\hotspot\share\interpreter\linkResolver.cpp, line 784]
Event: 6.984 Thread 0x000001db69706c00 Exception <a 'java/lang/NoSuchMethodError'{0x0000000085306ce0}: 'int java.lang.invoke.DirectMethodHandle$Holder.invokeInterface(java.lang.Object, java.lang.Object, java.lang.Object, java.lang.Object, java.lang.Object)'> (0x0000000085306ce0) 
thrown [s\src\hotspot\share\interpreter\linkResolver.cpp, line 784]
Event: 7.008 Thread 0x000001db69706c00 Exception <a 'java/lang/NoSuchMethodError'{0x00000000852336b8}: 'java.lang.Object java.lang.invoke.DirectMethodHandle$Holder.newInvokeSpecial(java.lang.Object, java.lang.Object, java.lang.Object, java.lang.Object, int, java.lang.Object)'> (0x00000000852336b8) 
thrown [s\src\hotspot\share\interpreter\linkResolver.cpp, line 784]
Event: 7.008 Thread 0x000001db69706c00 Exception <a 'java/lang/NoSuchMethodError'{0x000000008523bef8}: 'java.lang.Object java.lang.invoke.Invokers$Holder.linkToTargetMethod(java.lang.Object, java.lang.Object, java.lang.Object, int, java.lang.Object, java.lang.Object)'> (0x000000008523bef8) 
thrown [s\src\hotspot\share\interpreter\linkResolver.cpp, line 784]
Event: 7.060 Thread 0x000001db63778010 Implicit null exception at 0x000001db55b44fe3 to 0x000001db55b45b3c
Event: 7.060 Thread 0x000001db69706c00 Implicit null exception at 0x000001db55b44fe3 to 0x000001db55b45b3c
Event: 7.196 Thread 0x000001db6309c9e0 Implicit null exception at 0x000001db55e831af to 0x000001db55e83594
Event: 7.551 Thread 0x000001db69706c00 Implicit null exception at 0x000001db55ecfcc7 to 0x000001db55ed1460

ZGC Phase Switch (0 events):
No events

VM Operations (20 events):
Event: 6.560 Executing VM operation: G1PauseCleanup
Event: 6.560 Executing VM operation: G1PauseCleanup done
Event: 6.642 Executing VM operation: HandshakeAllThreads (Deoptimize)
Event: 6.642 Executing VM operation: HandshakeAllThreads (Deoptimize) done
Event: 6.696 Executing VM operation: HandshakeAllThreads (Deoptimize)
Event: 6.696 Executing VM operation: HandshakeAllThreads (Deoptimize) done
Event: 6.909 Executing VM operation: HandshakeAllThreads (Deoptimize)
Event: 6.909 Executing VM operation: HandshakeAllThreads (Deoptimize) done
Event: 7.069 Executing VM operation: G1CollectForAllocation (G1 Evacuation Pause)
Event: 7.073 Executing VM operation: G1CollectForAllocation (G1 Evacuation Pause) done
Event: 7.192 Executing VM operation: G1CollectForAllocation (G1 Evacuation Pause)
Event: 7.196 Executing VM operation: G1CollectForAllocation (G1 Evacuation Pause) done
Event: 7.340 Executing VM operation: G1CollectForAllocation (G1 Evacuation Pause)
Event: 7.344 Executing VM operation: G1CollectForAllocation (G1 Evacuation Pause) done
Event: 7.373 Executing VM operation: G1PauseRemark
Event: 7.382 Executing VM operation: G1PauseRemark done
Event: 7.395 Executing VM operation: G1PauseCleanup
Event: 7.396 Executing VM operation: G1PauseCleanup done
Event: 7.509 Executing VM operation: G1CollectForAllocation (G1 Evacuation Pause)
Event: 7.512 Executing VM operation: G1CollectForAllocation (G1 Evacuation Pause) done

Memory protections (0 events):
No events

Nmethod flushes (20 events):
Event: 7.381 Thread 0x000001db630477c0 flushing  nmethod 0x000001db4e37d190
Event: 7.381 Thread 0x000001db630477c0 flushing  nmethod 0x000001db4e37db10
Event: 7.381 Thread 0x000001db630477c0 flushing  nmethod 0x000001db4e37de90
Event: 7.381 Thread 0x000001db630477c0 flushing  nmethod 0x000001db4e3c6810
Event: 7.381 Thread 0x000001db630477c0 flushing  nmethod 0x000001db4e3c6c10
Event: 7.381 Thread 0x000001db630477c0 flushing  nmethod 0x000001db4e43c310
Event: 7.381 Thread 0x000001db630477c0 flushing  nmethod 0x000001db4e5f2910
Event: 7.381 Thread 0x000001db630477c0 flushing  nmethod 0x000001db4e5f5790
Event: 7.381 Thread 0x000001db630477c0 flushing  nmethod 0x000001db4e5fa490
Event: 7.381 Thread 0x000001db630477c0 flushing  nmethod 0x000001db4e6b0710
Event: 7.381 Thread 0x000001db630477c0 flushing  nmethod 0x000001db4e6b3d90
Event: 7.381 Thread 0x000001db630477c0 flushing  nmethod 0x000001db4e6b5490
Event: 7.381 Thread 0x000001db630477c0 flushing  nmethod 0x000001db4e775e10
Event: 7.381 Thread 0x000001db630477c0 flushing  nmethod 0x000001db4e7e1610
Event: 7.381 Thread 0x000001db630477c0 flushing  nmethod 0x000001db55deab10
Event: 7.381 Thread 0x000001db630477c0 flushing  nmethod 0x000001db4e5c0890
Event: 7.381 Thread 0x000001db630477c0 flushing  nmethod 0x000001db4e791790
Event: 7.381 Thread 0x000001db630477c0 flushing  nmethod 0x000001db4e851210
Event: 7.381 Thread 0x000001db630477c0 flushing  nmethod 0x000001db4e8bff10
Event: 7.381 Thread 0x000001db630477c0 flushing  nmethod 0x000001db4e8c5c10

Events (20 events):
Event: 4.416 Thread 0x000001db69706c00 Thread added: 0x000001db69f14790
Event: 4.416 Thread 0x000001db69706c00 Thread added: 0x000001db69f15b40
Event: 4.416 Thread 0x000001db69706c00 Thread added: 0x000001db69f161d0
Event: 4.416 Thread 0x000001db69706c00 Thread added: 0x000001db69f17580
Event: 4.416 Thread 0x000001db69706c00 Thread added: 0x000001db69f17c10
Event: 4.686 Thread 0x000001db6327fc70 Thread added: 0x000001db6bec3c10
Event: 4.712 Thread 0x000001db6311a5d0 Thread added: 0x000001db6d9ec690
Event: 5.166 Thread 0x000001db6d9ec690 Thread added: 0x000001db6d817940
Event: 5.394 Thread 0x000001db6d9ec690 Thread added: 0x000001db6c8f46a0
Event: 5.399 Thread 0x000001db6311a5d0 Thread added: 0x000001db6be87c30
Event: 5.408 Thread 0x000001db6be87c30 Thread added: 0x000001db6351c3c0
Event: 5.409 Thread 0x000001db6be87c30 Thread added: 0x000001db6b6ec380
Event: 5.680 Thread 0x000001db6b6ec380 Thread exited: 0x000001db6b6ec380
Event: 6.045 Thread 0x000001db69706c00 Thread added: 0x000001db69ee3a90
Event: 6.059 Thread 0x000001db69706c00 Thread added: 0x000001db69ee3400
Event: 6.474 Thread 0x000001db69706c00 Thread added: 0x000001db69ee26e0
Event: 6.508 Thread 0x000001db69706c00 Thread added: 0x000001db63774b90
Event: 7.029 Thread 0x000001db69706c00 Thread added: 0x000001db63778010
Event: 7.031 Thread 0x000001db69706c00 Thread added: 0x000001db63773e70
Event: 7.119 Thread 0x000001db6d9ec690 Thread added: 0x000001db68baea00


Dynamic libraries:
0x00007ff643940000 - 0x00007ff64394a000 	C:\Program Files\Android\Android Studio\jbr\bin\java.exe
0x00007ff9ce770000 - 0x00007ff9ce987000 	C:\Windows\SYSTEM32\ntdll.dll
0x00007ff9cdcb0000 - 0x00007ff9cdd74000 	C:\Windows\System32\KERNEL32.DLL
0x00007ff9cb9e0000 - 0x00007ff9cbdb0000 	C:\Windows\System32\KERNELBASE.dll
0x00007ff9c68d0000 - 0x00007ff9c6967000 	C:\Windows\SYSTEM32\apphelp.dll
0x00007ff9cbe60000 - 0x00007ff9cbf71000 	C:\Windows\System32\ucrtbase.dll
0x00007ff9c0100000 - 0x00007ff9c011b000 	C:\Program Files\Android\Android Studio\jbr\bin\VCRUNTIME140.dll
0x00007ff9ba5a0000 - 0x00007ff9ba5b8000 	C:\Program Files\Android\Android Studio\jbr\bin\jli.dll
0x00007ff9cdd80000 - 0x00007ff9cdf31000 	C:\Windows\System32\USER32.dll
0x00007ff9cbf80000 - 0x00007ff9cbfa6000 	C:\Windows\System32\win32u.dll
0x00007ff9cadb0000 - 0x00007ff9cb04c000 	C:\Windows\WinSxS\amd64_microsoft.windows.common-controls_6595b64144ccf1df_6.0.22621.5840_none_2710ea077384a4fe\COMCTL32.dll
0x00007ff9ce2d0000 - 0x00007ff9ce2f9000 	C:\Windows\System32\GDI32.dll
0x00007ff9ce220000 - 0x00007ff9ce2c7000 	C:\Windows\System32\msvcrt.dll
0x00007ff9cbfb0000 - 0x00007ff9cc0d3000 	C:\Windows\System32\gdi32full.dll
0x00007ff9cc360000 - 0x00007ff9cc3fa000 	C:\Windows\System32\msvcp_win.dll
0x00007ff9cc400000 - 0x00007ff9cc431000 	C:\Windows\System32\IMM32.DLL
0x00007ff9c4c40000 - 0x00007ff9c4c4c000 	C:\Program Files\Android\Android Studio\jbr\bin\vcruntime140_1.dll
0x00007ff98a170000 - 0x00007ff98a1fd000 	C:\Program Files\Android\Android Studio\jbr\bin\msvcp140.dll
0x00007ff98b0b0000 - 0x00007ff98bd3e000 	C:\Program Files\Android\Android Studio\jbr\bin\server\jvm.dll
0x00007ff9ce300000 - 0x00007ff9ce3b1000 	C:\Windows\System32\ADVAPI32.dll
0x00007ff9cc9a0000 - 0x00007ff9cca48000 	C:\Windows\System32\sechost.dll
0x00007ff9cbdb0000 - 0x00007ff9cbdd8000 	C:\Windows\System32\bcrypt.dll
0x00007ff9ce600000 - 0x00007ff9ce718000 	C:\Windows\System32\RPCRT4.dll
0x00007ff9cd590000 - 0x00007ff9cd601000 	C:\Windows\System32\WS2_32.dll
0x00007ff9cb180000 - 0x00007ff9cb1cd000 	C:\Windows\SYSTEM32\POWRPROF.dll
0x00007ff9ca920000 - 0x00007ff9ca92a000 	C:\Windows\SYSTEM32\VERSION.dll
0x00007ff9c3d00000 - 0x00007ff9c3d34000 	C:\Windows\SYSTEM32\WINMM.dll
0x00007ff9cb050000 - 0x00007ff9cb063000 	C:\Windows\SYSTEM32\UMPDC.dll
0x00007ff9c9950000 - 0x00007ff9c9968000 	C:\Windows\SYSTEM32\kernel.appcore.dll
0x00007ff9c0930000 - 0x00007ff9c093a000 	C:\Program Files\Android\Android Studio\jbr\bin\jimage.dll
0x00007ff9cb1d0000 - 0x00007ff9cb403000 	C:\Windows\SYSTEM32\DBGHELP.DLL
0x00007ff9cd6e0000 - 0x00007ff9cda71000 	C:\Windows\System32\combase.dll
0x00007ff9cc440000 - 0x00007ff9cc518000 	C:\Windows\System32\OLEAUT32.dll
0x00007ff9cb070000 - 0x00007ff9cb0a2000 	C:\Windows\SYSTEM32\dbgcore.DLL
0x00007ff9cbde0000 - 0x00007ff9cbe5b000 	C:\Windows\System32\bcryptPrimitives.dll
0x00007ff9c67f0000 - 0x00007ff9c67fe000 	C:\Program Files\Android\Android Studio\jbr\bin\instrument.dll
0x00007ff9baaf0000 - 0x00007ff9bab10000 	C:\Program Files\Android\Android Studio\jbr\bin\java.dll
0x00007ff9baad0000 - 0x00007ff9baae8000 	C:\Program Files\Android\Android Studio\jbr\bin\zip.dll
0x00007ff9ccb60000 - 0x00007ff9cd401000 	C:\Windows\System32\SHELL32.dll
0x00007ff9cc0e0000 - 0x00007ff9cc21f000 	C:\Windows\System32\wintypes.dll
0x00007ff9c87d0000 - 0x00007ff9c90ea000 	C:\Windows\SYSTEM32\windows.storage.dll
0x00007ff9ce430000 - 0x00007ff9ce53a000 	C:\Windows\System32\SHCORE.dll
0x00007ff9ce3c0000 - 0x00007ff9ce429000 	C:\Windows\System32\shlwapi.dll
0x00007ff9cb7a0000 - 0x00007ff9cb7c5000 	C:\Windows\SYSTEM32\profapi.dll
0x00007ff9c0300000 - 0x00007ff9c0310000 	C:\Program Files\Android\Android Studio\jbr\bin\net.dll
0x00007ff9c7710000 - 0x00007ff9c783c000 	C:\Windows\SYSTEM32\WINHTTP.dll
0x00007ff9c9dd0000 - 0x00007ff9c9e39000 	C:\Windows\system32\mswsock.dll
0x00007ff9baab0000 - 0x00007ff9baac6000 	C:\Program Files\Android\Android Studio\jbr\bin\nio.dll
0x00007ff9ae960000 - 0x00007ff9ae970000 	C:\Program Files\Android\Android Studio\jbr\bin\verify.dll
0x00007ff9c4cc0000 - 0x00007ff9c4ce7000 	C:\Users\NITRO\.gradle\native\1def1411415f61bf3af743bc5b6707747c0891f09f0c88961ee8f79bc544acac\windows-amd64\native-platform.dll
0x00007ff98a0f0000 - 0x00007ff98a168000 	C:\Users\NITRO\.gradle\native\0.2.7\x86_64-windows-gnu\gradle-fileevents.dll
0x00007ff9b28b0000 - 0x00007ff9b28b9000 	C:\Program Files\Android\Android Studio\jbr\bin\management.dll
0x00007ff9b28a0000 - 0x00007ff9b28ab000 	C:\Program Files\Android\Android Studio\jbr\bin\management_ext.dll
0x00007ff9cdb00000 - 0x00007ff9cdb08000 	C:\Windows\System32\PSAPI.DLL
0x00007ff9c93f0000 - 0x00007ff9c941d000 	C:\Windows\SYSTEM32\IPHLPAPI.DLL
0x00007ff9ce720000 - 0x00007ff9ce729000 	C:\Windows\System32\NSI.dll
0x00007ff9baa50000 - 0x00007ff9baa59000 	C:\Program Files\Android\Android Studio\jbr\bin\extnet.dll
0x00007ff9cb510000 - 0x00007ff9cb52b000 	C:\Windows\SYSTEM32\CRYPTSP.dll
0x00007ff9c98b0000 - 0x00007ff9c98e7000 	C:\Windows\system32\rsaenh.dll
0x00007ff9c9ec0000 - 0x00007ff9c9ee8000 	C:\Windows\SYSTEM32\USERENV.dll
0x00007ff9ca910000 - 0x00007ff9ca91c000 	C:\Windows\SYSTEM32\CRYPTBASE.dll
0x00007ff9c00f0000 - 0x00007ff9c00f8000 	C:\Windows\system32\wshunix.dll
0x00007ff9cb140000 - 0x00007ff9cb174000 	C:\Windows\SYSTEM32\ntmarta.dll

dbghelp: loaded successfully - version: 4.0.5 - missing functions: none
symbol engine: initialized successfully - sym options: 0x614 - pdb path: .;C:\Program Files\Android\Android Studio\jbr\bin;C:\Windows\SYSTEM32;C:\Windows\WinSxS\amd64_microsoft.windows.common-controls_6595b64144ccf1df_6.0.22621.5840_none_2710ea077384a4fe;C:\Program Files\Android\Android Studio\jbr\bin\server;C:\Users\NITRO\.gradle\native\1def1411415f61bf3af743bc5b6707747c0891f09f0c88961ee8f79bc544acac\windows-amd64;C:\Users\NITRO\.gradle\native\0.2.7\x86_64-windows-gnu

VM Arguments:
jvm_args: --add-opens=java.base/java.lang=ALL-UNNAMED --add-opens=java.base/java.lang.invoke=ALL-UNNAMED --add-opens=java.base/java.util=ALL-UNNAMED --add-opens=java.prefs/java.util.prefs=ALL-UNNAMED --add-exports=jdk.compiler/com.sun.tools.javac.api=ALL-UNNAMED --add-exports=jdk.compiler/com.sun.tools.javac.util=ALL-UNNAMED --add-opens=java.base/java.util=ALL-UNNAMED --add-opens=java.prefs/java.util.prefs=ALL-UNNAMED --add-opens=java.base/java.nio.charset=ALL-UNNAMED --add-opens=java.base/java.net=ALL-UNNAMED --add-opens=java.base/java.util.concurrent.atomic=ALL-UNNAMED --add-opens=java.xml/javax.xml.namespace=ALL-UNNAMED -Xmx2048m -Dfile.encoding=UTF-8 -Duser.country=US -Duser.language=en -Duser.variant -javaagent:C:\Users\NITRO\.gradle\wrapper\dists\gradle-8.13-bin\5xuhj0ry160q40clulazy9h7d\gradle-8.13\lib\agents\gradle-instrumentation-agent-8.13.jar 
java_command: org.gradle.launcher.daemon.bootstrap.GradleDaemon 8.13
java_class_path (initial): C:\Users\NITRO\.gradle\wrapper\dists\gradle-8.13-bin\5xuhj0ry160q40clulazy9h7d\gradle-8.13\lib\gradle-daemon-main-8.13.jar
Launcher Type: SUN_STANDARD

[Global flags]
     intx CICompilerCount                          = 12                                        {product} {ergonomic}
     uint ConcGCThreads                            = 3                                         {product} {ergonomic}
     uint G1ConcRefinementThreads                  = 13                                        {product} {ergonomic}
   size_t G1HeapRegionSize                         = 1048576                                   {product} {ergonomic}
    uintx GCDrainStackTargetSize                   = 64                                        {product} {ergonomic}
   size_t InitialHeapSize                          = 257949696                                 {product} {ergonomic}
   size_t MarkStackSize                            = 4194304                                   {product} {ergonomic}
   size_t MaxHeapSize                              = 2147483648                                {product} {command line}
   size_t MaxNewSize                               = 1287651328                                {product} {ergonomic}
   size_t MinHeapDeltaBytes                        = 1048576                                   {product} {ergonomic}
   size_t MinHeapSize                              = 8388608                                   {product} {ergonomic}
    uintx NonNMethodCodeHeapSize                   = 7602480                                {pd product} {ergonomic}
    uintx NonProfiledCodeHeapSize                  = 122027880                              {pd product} {ergonomic}
    uintx ProfiledCodeHeapSize                     = 122027880                              {pd product} {ergonomic}
    uintx ReservedCodeCacheSize                    = 251658240                              {pd product} {ergonomic}
     bool SegmentedCodeCache                       = true                                      {product} {ergonomic}
   size_t SoftMaxHeapSize                          = 2147483648                             {manageable} {ergonomic}
     bool UseCompressedOops                        = true                           {product lp64_product} {ergonomic}
     bool UseG1GC                                  = true                                      {product} {ergonomic}
     bool UseLargePagesIndividualAllocation        = false                                  {pd product} {ergonomic}

Logging:
Log output configuration:
 #0: stdout all=warning uptime,level,tags foldmultilines=false
 #1: stderr all=off uptime,level,tags foldmultilines=false

Environment Variables:
PATH=C:\Windows\system32;C:\Windows;C:\Windows\System32\Wbem;C:\Windows\System32\WindowsPowerShell\v1.0\;C:\Windows\System32\OpenSSH\;C:\Program Files (x86)\NVIDIA Corporation\PhysX\Common;C:\Program Files\NVIDIA Corporation\NVIDIA NvDLISR;C:\Program Files\Git\cmd;C:\Users\NITRO\AppData\Local\Microsoft\WindowsApps;
USERNAME=NITRO
OS=Windows_NT
PROCESSOR_IDENTIFIER=AMD64 Family 25 Model 117 Stepping 2, AuthenticAMD
TMP=C:\Users\NITRO\AppData\Local\Temp
TEMP=C:\Users\NITRO\AppData\Local\Temp




Periodic native trim disabled

JNI global refs:
JNI global refs: 39, weak refs: 0

JNI global refs memory usage: 835, weak refs: 833

Process memory usage:
Resident Set Size: 388256K (2% of 16052596K total physical memory with 1900364K free physical memory)

OOME stack traces (most recent first):
Classloader memory used:
Loader org.gradle.internal.classloader.VisitableURLClassLoader                         : 32698K
Loader bootstrap                                                                       : 22835K
Loader org.gradle.initialization.MixInLegacyTypesClassLoader                           : 6602K
Loader org.gradle.internal.classloader.VisitableURLClassLoader                         : 722K
Loader jdk.internal.loader.ClassLoaders$PlatformClassLoader                            : 513K
Loader jdk.internal.loader.ClassLoaders$AppClassLoader                                 : 235K
Loader jdk.internal.reflect.DelegatingClassLoader                                      : 161K
Loader org.gradle.groovy.scripts.internal.DefaultScriptCompilationHandler$ScriptClassLoader: 35896B
Loader org.codehaus.groovy.runtime.callsite.CallSiteClassLoader                        : 7200B

Classes loaded by more than one classloader:
Class org.gradle.api.GradleException                                                  : loaded 3 times (x 80B)
Class org.gradle.internal.classloader.FilteringClassLoader                            : loaded 2 times (x 103B)
Class org.gradle.internal.classloader.ClassLoaderHierarchy                            : loaded 2 times (x 68B)
Class org.gradle.api.internal.classpath.ManifestUtil                                  : loaded 2 times (x 69B)
Class org.gradle.internal.operations.MultipleBuildOperationFailures                   : loaded 2 times (x 93B)
Class org.gradle.internal.classloader.DefaultClassLoaderFactory                       : loaded 2 times (x 80B)
Class kotlin.collections.AbstractList$Companion                                       : loaded 2 times (x 69B)
Class org.gradle.internal.classloader.ClassLoaderVisitor                              : loaded 2 times (x 74B)
Class org.gradle.api.internal.classpath.EffectiveClassPath                            : loaded 2 times (x 88B)
Class org.gradle.api.internal.DefaultClassPathProvider                                : loaded 2 times (x 74B)
Class [Lorg.gradle.api.internal.ClassPathProvider;                                    : loaded 2 times (x 67B)
Class org.gradle.api.internal.ClassPathProvider                                       : loaded 2 times (x 68B)
Class org.gradle.internal.service.UnknownServiceException                             : loaded 2 times (x 81B)
Class org.gradle.internal.classpath.TransformedClassPath                              : loaded 2 times (x 94B)
Class org.gradle.internal.classloader.InstrumentingClassLoader                        : loaded 2 times (x 68B)
Class kotlin.enums.EnumEntriesList                                                    : loaded 2 times (x 221B)
Class org.gradle.internal.service.ServiceLocator                                      : loaded 2 times (x 68B)
Class org.gradle.internal.InternalTransformer                                         : loaded 2 times (x 68B)
Class org.gradle.internal.time.DefaultTimer                                           : loaded 2 times (x 78B)
Class org.gradle.internal.classloader.ClasspathUtil$1                                 : loaded 2 times (x 74B)
Class org.gradle.api.internal.classpath.DefaultModuleRegistry$DefaultModule           : loaded 2 times (x 84B)
Class org.gradle.internal.time.DefaultCountdownTimer                                  : loaded 2 times (x 86B)
Class kotlin.Function                                                                 : loaded 2 times (x 68B)
Class org.gradle.api.internal.classpath.Module                                        : loaded 2 times (x 68B)
Class org.gradle.api.internal.classpath.UnknownModuleException                        : loaded 2 times (x 80B)
Class org.gradle.api.internal.DefaultClassPathRegistry                                : loaded 2 times (x 74B)
Class org.gradle.api.internal.ClassPathRegistry                                       : loaded 2 times (x 68B)
Class org.gradle.internal.classpath.DefaultClassPath$ImmutableUniqueList              : loaded 2 times (x 197B)
Class org.gradle.internal.classpath.ClassPath                                         : loaded 2 times (x 68B)
Class org.gradle.api.UncheckedIOException                                             : loaded 2 times (x 80B)
Class kotlin.UninitializedPropertyAccessException                                     : loaded 2 times (x 80B)
Class org.gradle.internal.installation.GradleInstallation$1                           : loaded 2 times (x 73B)
Class org.gradle.api.internal.classpath.ModuleRegistry                                : loaded 2 times (x 68B)
Class org.gradle.api.internal.classpath.DefaultModuleRegistry                         : loaded 2 times (x 84B)
Class org.gradle.internal.time.MonotonicClock                                         : loaded 2 times (x 75B)
Class org.gradle.internal.service.ServiceLookupException                              : loaded 2 times (x 80B)
Class org.gradle.internal.classloader.ClassLoaderFactory                              : loaded 2 times (x 68B)
Class org.gradle.internal.service.CachingServiceLocator                               : loaded 2 times (x 80B)
Class org.gradle.internal.time.TimeSource                                             : loaded 2 times (x 68B)
Class kotlin.enums.EnumEntries                                                        : loaded 2 times (x 68B)
Class org.gradle.internal.exceptions.ResolutionProvider                               : loaded 2 times (x 68B)
Class org.gradle.internal.classloader.ClasspathUtil                                   : loaded 2 times (x 69B)
Class org.gradle.internal.time.TimeSource$1                                           : loaded 2 times (x 75B)
Class org.gradle.api.specs.Spec                                                       : loaded 2 times (x 68B)
Class org.gradle.internal.time.Clock                                                  : loaded 2 times (x 68B)
Class kotlin.collections.AbstractList                                                 : loaded 2 times (x 195B)
Class kotlin.collections.AbstractCollection                                           : loaded 2 times (x 115B)
Class org.gradle.internal.classloader.VisitableURLClassLoader$InstrumentingVisitableURLClassLoader: loaded 2 times (x 121B)
Class org.gradle.internal.classloader.VisitableURLClassLoader$Spec                    : loaded 2 times (x 72B)
Class org.gradle.internal.classpath.DefaultClassPath                                  : loaded 2 times (x 88B)
Class org.gradle.internal.classloader.ClassLoaderSpec                                 : loaded 2 times (x 69B)
Class org.gradle.internal.classloader.VisitableURLClassLoader                         : loaded 2 times (x 115B)
Class org.gradle.internal.Cast                                                        : loaded 2 times (x 69B)
Class org.gradle.api.Action                                                           : loaded 2 times (x 68B)
Class kotlin.jvm.functions.Function1                                                  : loaded 2 times (x 68B)
Class org.gradle.internal.classpath.DefaultClassPath$ImmutableUniqueList$Builder      : loaded 2 times (x 73B)
Class kotlin.NotImplementedError                                                      : loaded 2 times (x 80B)
Class org.gradle.internal.exceptions.NonGradleCauseExceptionsHolder                   : loaded 2 times (x 68B)
Class kotlin.enums.EnumEntriesKt                                                      : loaded 2 times (x 69B)
Class org.gradle.internal.IoActions                                                   : loaded 2 times (x 69B)
Class org.gradle.internal.classloader.SystemClassLoaderSpec                           : loaded 2 times (x 69B)
Class org.gradle.internal.exceptions.MultiCauseException                              : loaded 2 times (x 68B)
Class org.gradle.internal.time.CountdownTimer                                         : loaded 2 times (x 68B)
Class kotlin.jvm.internal.Intrinsics                                                  : loaded 2 times (x 69B)
Class org.gradle.tooling.model.ProjectModel                                           : loaded 2 times (x 68B)
Class kotlin.KotlinNullPointerException                                               : loaded 2 times (x 81B)
Class org.gradle.internal.exceptions.DefaultMultiCauseException                       : loaded 2 times (x 93B)
Class org.gradle.internal.time.Time                                                   : loaded 2 times (x 69B)
Class org.gradle.api.internal.classpath.GlobalCacheRootsProvider                      : loaded 2 times (x 68B)
Class org.gradle.internal.time.Timer                                                  : loaded 2 times (x 68B)
Class kotlin.jvm.internal.markers.KMappedMarker                                       : loaded 2 times (x 68B)
Class org.gradle.internal.installation.CurrentGradleInstallationLocator               : loaded 2 times (x 69B)
Class org.gradle.internal.service.DefaultServiceLocator                               : loaded 2 times (x 81B)
Class org.gradle.util.GradleVersion                                                   : loaded 2 times (x 77B)
Class org.gradle.internal.installation.CurrentGradleInstallation                      : loaded 2 times (x 71B)
Class org.gradle.util.internal.GUtil                                                  : loaded 2 times (x 69B)
Class org.gradle.internal.installation.GradleInstallation                             : loaded 2 times (x 73B)

---------------  S Y S T E M  ---------------

OS:
 Windows 11 , 64 bit Build 22621 (10.0.22621.5415)
OS uptime: 1 days 20:27 hours
Hyper-V role detected

CPU: total 16 (initial active 16) (16 cores per cpu, 2 threads per core) family 25 model 117 stepping 2 microcode 0x0, cx8, cmov, fxsr, ht, mmx, 3dnowpref, sse, sse2, sse3, ssse3, sse4a, sse4.1, sse4.2, popcnt, lzcnt, tsc, tscinvbit, avx, avx2, aes, erms, clmul, bmi1, bmi2, adx, avx512f, avx512dq, avx512cd, avx512bw, avx512vl, sha, fma, vzeroupper, avx512_vpopcntdq, avx512_vpclmulqdq, avx512_vaes, avx512_vnni, clflush, clflushopt, avx512_vbmi2, avx512_vbmi, hv, rdtscp, rdpid, fsrm, gfni, avx512_bitalg, f16c, cet_ss, avx512_ifma
Processor Information for the first 16 processors :
  Max Mhz: 3801, Current Mhz: 3801, Mhz Limit: 3801

Memory: 4k page, system-wide physical 15676M (1852M free)
TotalPageFile size 39061M (AvailPageFile size 7M)
current process WorkingSet (physical memory assigned to process): 379M, peak: 395M
current process commit charge ("private bytes"): 427M, peak: 443M

vm_info: OpenJDK 64-Bit Server VM (21.0.7+-13880790-b1038.58) for windows-amd64 JRE (21.0.7+-13880790-b1038.58), built on 2025-08-04T20:56:21Z by "builder" with MS VC++ 16.10 / 16.11 (VS2019)

END.
